[INFO] Scanning for projects...
[INFO] 
[INFO] ------------------------< com.example:torneos >-------------------------
[INFO] Building torneos 0.0.1-SNAPSHOT
[INFO]   from pom.xml
[INFO] --------------------------------[ jar ]---------------------------------
[INFO] 
[INFO] >>> spring-boot:3.2.0:run (default-cli) > test-compile @ torneos >>>
[INFO] 
[INFO] --- resources:3.3.1:resources (default-resources) @ torneos ---
[INFO] Copying 6 resources from src/main/resources to target/classes
[INFO] Copying 7 resources from src/main/resources to target/classes
[INFO] 
[INFO] --- compiler:3.11.0:compile (default-compile) @ torneos ---
[INFO] Nothing to compile - all classes are up to date
[INFO] 
[INFO] --- resources:3.3.1:testResources (default-testResources) @ torneos ---
[INFO] skip non existing resourceDirectory /Users/nicolas.perez/Pragma/e-sport/backend-torneos/src/test/resources
[INFO] 
[INFO] --- compiler:3.11.0:testCompile (default-testCompile) @ torneos ---
[INFO] Nothing to compile - all classes are up to date
[INFO] 
[INFO] <<< spring-boot:3.2.0:run (default-cli) < test-compile @ torneos <<<
[INFO] 
[INFO] 
[INFO] --- spring-boot:3.2.0:run (default-cli) @ torneos ---
[INFO] Attaching agents: []

  .   ____          _            __ _ _
 /\\ / ___'_ __ _ _(_)_ __  __ _ \ \ \ \
( ( )\___ | '_ | '_| | '_ \/ _` | \ \ \ \
 \\/  ___)| |_)| | | | | || (_| |  ) ) ) )
  '  |____| .__|_| |_|_| |_\__, | / / / /
 =========|_|==============|___/=/_/_/_/
 :: Spring Boot ::                (v3.2.0)

2025-12-22T20:05:08.617-05:00  INFO 35295 --- [torneos-backend] [           main] com.example.torneos.TorneosApplication   : Starting TorneosApplication using Java 21.0.7 with PID 35295 (/Users/nicolas.perez/Pragma/e-sport/backend-torneos/target/classes started by nicolas.perez in /Users/nicolas.perez/Pragma/e-sport/backend-torneos)
2025-12-22T20:05:08.618-05:00  INFO 35295 --- [torneos-backend] [           main] com.example.torneos.TorneosApplication   : The following 1 profile is active: "postgres"
2025-12-22T20:05:09.107-05:00  INFO 35295 --- [torneos-backend] [           main] .s.d.r.c.RepositoryConfigurationDelegate : Bootstrapping Spring Data JPA repositories in DEFAULT mode.
2025-12-22T20:05:09.185-05:00  INFO 35295 --- [torneos-backend] [           main] .s.d.r.c.RepositoryConfigurationDelegate : Finished Spring Data repository scanning in 75 ms. Found 13 JPA repository interfaces.
2025-12-22T20:05:09.499-05:00  INFO 35295 --- [torneos-backend] [           main] o.s.b.w.embedded.tomcat.TomcatWebServer  : Tomcat initialized with port 8081 (http)
2025-12-22T20:05:09.503-05:00  INFO 35295 --- [torneos-backend] [           main] o.apache.catalina.core.StandardService   : Starting service [Tomcat]
2025-12-22T20:05:09.503-05:00  INFO 35295 --- [torneos-backend] [           main] o.apache.catalina.core.StandardEngine    : Starting Servlet engine: [Apache Tomcat/10.1.16]
2025-12-22T20:05:09.529-05:00  INFO 35295 --- [torneos-backend] [           main] o.a.c.c.C.[Tomcat].[localhost].[/]       : Initializing Spring embedded WebApplicationContext
2025-12-22T20:05:09.529-05:00  INFO 35295 --- [torneos-backend] [           main] w.s.c.ServletWebServerApplicationContext : Root WebApplicationContext: initialization completed in 898 ms
2025-12-22T20:05:09.637-05:00  INFO 35295 --- [torneos-backend] [           main] com.zaxxer.hikari.HikariDataSource       : HikariPool-1 - Starting...
2025-12-22T20:05:09.749-05:00  INFO 35295 --- [torneos-backend] [           main] com.zaxxer.hikari.pool.HikariPool        : HikariPool-1 - Added connection org.postgresql.jdbc.PgConnection@717a8a76
2025-12-22T20:05:09.749-05:00  INFO 35295 --- [torneos-backend] [           main] com.zaxxer.hikari.HikariDataSource       : HikariPool-1 - Start completed.
2025-12-22T20:05:09.778-05:00  INFO 35295 --- [torneos-backend] [           main] o.f.c.internal.license.VersionPrinter    : Flyway Community Edition 9.22.3 by Redgate
2025-12-22T20:05:09.778-05:00  INFO 35295 --- [torneos-backend] [           main] o.f.c.internal.license.VersionPrinter    : See release notes here: https://rd.gt/416ObMi
2025-12-22T20:05:09.778-05:00  INFO 35295 --- [torneos-backend] [           main] o.f.c.internal.license.VersionPrinter    : 
2025-12-22T20:05:09.783-05:00  INFO 35295 --- [torneos-backend] [           main] org.flywaydb.core.FlywayExecutor         : Database: jdbc:postgresql://localhost:5432/torneo (PostgreSQL 18.0)
2025-12-22T20:05:09.788-05:00  WARN 35295 --- [torneos-backend] [           main] o.f.c.internal.database.base.Database    : Flyway upgrade recommended: PostgreSQL 18.0 is newer than this version of Flyway and support has not been tested. The latest supported version of PostgreSQL is 15.
2025-12-22T20:05:09.859-05:00  INFO 35295 --- [torneos-backend] [           main] o.f.core.internal.command.DbValidate     : Successfully validated 6 migrations (execution time 00:00.050s)
2025-12-22T20:05:09.909-05:00  INFO 35295 --- [torneos-backend] [           main] o.f.core.internal.command.DbMigrate      : Current version of schema "public": 5
2025-12-22T20:05:09.921-05:00  INFO 35295 --- [torneos-backend] [           main] o.f.core.internal.command.DbMigrate      : Migrating schema "public" to version "6 - Insert sample data"
2025-12-22T20:05:09.983-05:00  INFO 35295 --- [torneos-backend] [           main] o.f.core.internal.command.DbMigrate      : Successfully applied 1 migration to schema "public", now at version v6 (execution time 00:00.048s)
2025-12-22T20:05:10.030-05:00  INFO 35295 --- [torneos-backend] [           main] o.hibernate.jpa.internal.util.LogHelper  : HHH000204: Processing PersistenceUnitInfo [name: default]
2025-12-22T20:05:10.054-05:00  INFO 35295 --- [torneos-backend] [           main] org.hibernate.Version                    : HHH000412: Hibernate ORM core version 6.3.1.Final
2025-12-22T20:05:10.065-05:00  INFO 35295 --- [torneos-backend] [           main] o.h.c.internal.RegionFactoryInitiator    : HHH000026: Second-level cache disabled
2025-12-22T20:05:10.145-05:00  INFO 35295 --- [torneos-backend] [           main] o.s.o.j.p.SpringPersistenceUnitInfo      : No LoadTimeWeaver setup: ignoring JPA class transformer
2025-12-22T20:05:10.166-05:00  WARN 35295 --- [torneos-backend] [           main] org.hibernate.orm.deprecation            : HHH90000025: PostgreSQLDialect does not need to be specified explicitly using 'hibernate.dialect' (remove the property setting and it will be selected by default)
2025-12-22T20:05:10.494-05:00  INFO 35295 --- [torneos-backend] [           main] o.h.e.t.j.p.i.JtaPlatformInitiator       : HHH000489: No JTA platform available (set 'hibernate.transaction.jta.platform' to enable JTA platform integration)
2025-12-22T20:05:10.579-05:00  INFO 35295 --- [torneos-backend] [           main] j.LocalContainerEntityManagerFactoryBean : Initialized JPA EntityManagerFactory for persistence unit 'default'
2025-12-22T20:05:10.673-05:00  INFO 35295 --- [torneos-backend] [           main] o.s.d.j.r.query.QueryEnhancerFactory     : Hibernate is in classpath; If applicable, HQL parser will be used.
2025-12-22T20:05:10.965-05:00 DEBUG 35295 --- [torneos-backend] [           main] o.s.w.f.ServerHttpObservationFilter      : Filter 'webMvcObservationFilter' configured for use
2025-12-22T20:05:11.621-05:00  WARN 35295 --- [torneos-backend] [           main] JpaBaseConfiguration$JpaWebConfiguration : spring.jpa.open-in-view is enabled by default. Therefore, database queries may be performed during view rendering. Explicitly configure spring.jpa.open-in-view to disable this warning
2025-12-22T20:05:11.643-05:00  WARN 35295 --- [torneos-backend] [           main] .s.s.UserDetailsServiceAutoConfiguration : 

Using generated security password: 91586e4c-d74c-4029-9006-145435daf107

This generated password is for development use only. Your security configuration must be updated before running your application in production.

2025-12-22T20:05:11.771-05:00 DEBUG 35295 --- [torneos-backend] [           main] s.w.s.m.m.a.RequestMappingHandlerMapping : 58 mappings in 'requestMappingHandlerMapping'
2025-12-22T20:05:11.805-05:00 DEBUG 35295 --- [torneos-backend] [           main] o.s.w.s.handler.SimpleUrlHandlerMapping  : Patterns [/webjars/**, /**, /swagger-ui*/*swagger-initializer.js, /swagger-ui*/**] in 'resourceHandlerMapping'
2025-12-22T20:05:11.878-05:00  INFO 35295 --- [torneos-backend] [           main] o.s.b.a.e.web.EndpointLinksResolver      : Exposing 2 endpoint(s) beneath base path '/actuator'
2025-12-22T20:05:11.930-05:00  INFO 35295 --- [torneos-backend] [           main] o.s.s.web.DefaultSecurityFilterChain     : Will secure any request with [org.springframework.security.web.session.DisableEncodeUrlFilter@65cae15a, org.springframework.security.web.context.request.async.WebAsyncManagerIntegrationFilter@75a37ebb, org.springframework.security.web.context.SecurityContextHolderFilter@54d0724f, org.springframework.security.web.header.HeaderWriterFilter@3990c36c, org.springframework.web.filter.CorsFilter@703e55da, org.springframework.security.web.authentication.logout.LogoutFilter@47a55fdf, com.example.torneos.infrastructure.config.JwtAuthenticationFilter@6724f10e, org.springframework.security.web.savedrequest.RequestCacheAwareFilter@e655f9, org.springframework.security.web.servletapi.SecurityContextHolderAwareRequestFilter@65af4162, org.springframework.security.web.authentication.AnonymousAuthenticationFilter@714f3e27, org.springframework.security.web.session.SessionManagementFilter@414c2c8c, org.springframework.security.web.access.ExceptionTranslationFilter@15a1911e, org.springframework.security.web.access.intercept.AuthorizationFilter@384abf00]
2025-12-22T20:05:11.985-05:00 DEBUG 35295 --- [torneos-backend] [           main] s.w.s.m.m.a.RequestMappingHandlerAdapter : ControllerAdvice beans: 0 @ModelAttribute, 0 @InitBinder, 1 RequestBodyAdvice, 1 ResponseBodyAdvice
2025-12-22T20:05:12.013-05:00 DEBUG 35295 --- [torneos-backend] [           main] .m.m.a.ExceptionHandlerExceptionResolver : ControllerAdvice beans: 2 @ExceptionHandler, 1 ResponseBodyAdvice
2025-12-22T20:05:12.198-05:00  WARN 35295 --- [torneos-backend] [           main] ConfigServletWebServerApplicationContext : Exception encountered during context initialization - cancelling refresh attempt: org.springframework.context.ApplicationContextException: Failed to start bean 'webServerStartStop'
2025-12-22T20:05:12.201-05:00  INFO 35295 --- [torneos-backend] [           main] j.LocalContainerEntityManagerFactoryBean : Closing JPA EntityManagerFactory for persistence unit 'default'
2025-12-22T20:05:12.202-05:00  INFO 35295 --- [torneos-backend] [           main] com.zaxxer.hikari.HikariDataSource       : HikariPool-1 - Shutdown initiated...
2025-12-22T20:05:12.203-05:00  INFO 35295 --- [torneos-backend] [           main] com.zaxxer.hikari.HikariDataSource       : HikariPool-1 - Shutdown completed.
2025-12-22T20:05:12.212-05:00  INFO 35295 --- [torneos-backend] [           main] .s.b.a.l.ConditionEvaluationReportLogger : 

Error starting ApplicationContext. To display the condition evaluation report re-run your application with 'debug' enabled.
2025-12-22T20:05:12.217-05:00 ERROR 35295 --- [torneos-backend] [           main] o.s.b.d.LoggingFailureAnalysisReporter   : 

***************************
APPLICATION FAILED TO START
***************************

Description:

Web server failed to start. Port 8081 was already in use.

Action:

Identify and stop the process that's listening on port 8081 or configure this application to listen on another port.

[INFO] ------------------------------------------------------------------------
[INFO] BUILD FAILURE
[INFO] ------------------------------------------------------------------------
[INFO] Total time:  5.057 s
[INFO] Finished at: 2025-12-22T20:05:12-05:00
[INFO] ------------------------------------------------------------------------
[ERROR] Failed to execute goal org.springframework.boot:spring-boot-maven-plugin:3.2.0:run (default-cli) on project torneos: Process terminated with exit code: 1 -> [Help 1]
[ERROR] 
[ERROR] To see the full stack trace of the errors, re-run Maven with the -e switch.
[ERROR] Re-run Maven using the -X switch to enable full debug logging.
[ERROR] 
[ERROR] For more information about the errors and possible solutions, please read the following articles:
[ERROR] [Help 1] http://cwiki.apache.org/confluence/display/MAVEN/MojoExecutionException
