09:06:39,215 |-INFO in ch.qos.logback.classic.LoggerContext[default] - This is logback-classic version 1.4.11
09:06:39,218 |-INFO in ch.qos.logback.classic.util.ContextInitializer@13f17eb4 - Here is a list of configurators discovered as a service, by rank: 
09:06:39,218 |-INFO in ch.qos.logback.classic.util.ContextInitializer@13f17eb4 -   org.springframework.boot.logging.logback.RootLogLevelConfigurator
09:06:39,218 |-INFO in ch.qos.logback.classic.util.ContextInitializer@13f17eb4 - They will be invoked in order until ExecutionStatus.DO_NOT_INVOKE_NEXT_IF_ANY is returned.
09:06:39,218 |-INFO in ch.qos.logback.classic.util.ContextInitializer@13f17eb4 - Constructed configurator of type class org.springframework.boot.logging.logback.RootLogLevelConfigurator
09:06:39,224 |-INFO in ch.qos.logback.classic.util.ContextInitializer@13f17eb4 - org.springframework.boot.logging.logback.RootLogLevelConfigurator.configure() call lasted 0 milliseconds. ExecutionStatus=INVOKE_NEXT_IF_ANY
09:06:39,224 |-INFO in ch.qos.logback.classic.util.ContextInitializer@13f17eb4 - Trying to configure with ch.qos.logback.classic.joran.SerializedModelConfigurator
09:06:39,225 |-INFO in ch.qos.logback.classic.util.ContextInitializer@13f17eb4 - Constructed configurator of type class ch.qos.logback.classic.joran.SerializedModelConfigurator
09:06:39,244 |-INFO in ch.qos.logback.classic.LoggerContext[default] - Could NOT find resource [logback-test.scmo]
09:06:39,244 |-INFO in ch.qos.logback.classic.LoggerContext[default] - Could NOT find resource [logback.scmo]
09:06:39,244 |-INFO in ch.qos.logback.classic.util.ContextInitializer@13f17eb4 - ch.qos.logback.classic.joran.SerializedModelConfigurator.configure() call lasted 19 milliseconds. ExecutionStatus=INVOKE_NEXT_IF_ANY
09:06:39,244 |-INFO in ch.qos.logback.classic.util.ContextInitializer@13f17eb4 - Trying to configure with ch.qos.logback.classic.util.DefaultJoranConfigurator
09:06:39,244 |-INFO in ch.qos.logback.classic.util.ContextInitializer@13f17eb4 - Constructed configurator of type class ch.qos.logback.classic.util.DefaultJoranConfigurator
09:06:39,245 |-INFO in ch.qos.logback.classic.LoggerContext[default] - Could NOT find resource [logback-test.xml]
09:06:39,245 |-INFO in ch.qos.logback.classic.LoggerContext[default] - Could NOT find resource [logback.xml]
09:06:39,245 |-INFO in ch.qos.logback.classic.util.ContextInitializer@13f17eb4 - ch.qos.logback.classic.util.DefaultJoranConfigurator.configure() call lasted 1 milliseconds. ExecutionStatus=INVOKE_NEXT_IF_ANY
09:06:39,245 |-INFO in ch.qos.logback.classic.util.ContextInitializer@13f17eb4 - Trying to configure with ch.qos.logback.classic.BasicConfigurator
09:06:39,246 |-INFO in ch.qos.logback.classic.util.ContextInitializer@13f17eb4 - Constructed configurator of type class ch.qos.logback.classic.BasicConfigurator
09:06:39,246 |-INFO in ch.qos.logback.classic.BasicConfigurator@1d0d6318 - Setting up default configuration.
09:06:39,263 |-INFO in ch.qos.logback.classic.util.ContextInitializer@13f17eb4 - ch.qos.logback.classic.BasicConfigurator.configure() call lasted 17 milliseconds. ExecutionStatus=NEUTRAL
09:06:39,602 |-INFO in ch.qos.logback.core.joran.spi.ConfigurationWatchList@4bc28c33 - URL [jar:nested:/Users/nicolas.perez/Pragma/Torneos/e-sport/backend-torneos/target/torneos-0.0.1-SNAPSHOT.jar/!BOOT-INF/classes/!/logback-spring.xml] is not of type file
09:06:39,652 |-WARN in ch.qos.logback.core.model.processor.AppenderModelHandler - Appender named [CONSOLE_JSON] not referenced. Skipping further processing.
09:06:39,652 |-INFO in ch.qos.logback.core.model.processor.AppenderModelHandler - Processing appender named [CONSOLE_PLAIN]
09:06:39,652 |-INFO in ch.qos.logback.core.model.processor.AppenderModelHandler - About to instantiate appender of type [ch.qos.logback.core.ConsoleAppender]
09:06:39,655 |-INFO in ch.qos.logback.core.model.processor.ImplicitModelHandler - Assuming default type [ch.qos.logback.classic.encoder.PatternLayoutEncoder] for [encoder] property
09:06:39,667 |-INFO in ch.qos.logback.classic.model.processor.RootLoggerModelHandler - Setting level of ROOT logger to INFO
09:06:39,667 |-INFO in ch.qos.logback.classic.jul.LevelChangePropagator@4409e975 - Propagating INFO level on Logger[ROOT] onto the JUL framework
09:06:39,667 |-INFO in ch.qos.logback.core.model.processor.AppenderRefModelHandler - Attaching appender named [CONSOLE_PLAIN] to Logger[ROOT]
09:06:39,668 |-INFO in ch.qos.logback.classic.model.processor.LoggerModelHandler - Setting level of logger [com.example.torneos] to DEBUG
09:06:39,668 |-INFO in ch.qos.logback.classic.jul.LevelChangePropagator@4409e975 - Propagating DEBUG level on Logger[com.example.torneos] onto the JUL framework
09:06:39,668 |-INFO in ch.qos.logback.core.model.processor.DefaultProcessor@5c153b9e - End of configuration.
09:06:39,668 |-INFO in org.springframework.boot.logging.logback.SpringBootJoranConfigurator@2a7686a7 - Registering current configuration as safe fallback point


  .   ____          _            __ _ _
 /\\ / ___'_ __ _ _(_)_ __  __ _ \ \ \ \
( ( )\___ | '_ | '_| | '_ \/ _` | \ \ \ \
 \\/  ___)| |_)| | | | | || (_| |  ) ) ) )
  '  |____| .__|_| |_|_| |_\__, | / / / /
 =========|_|==============|___/=/_/_/_/
 :: Spring Boot ::                (v3.2.0)

2026-02-26 09:06:39 [background-preinit] INFO  o.h.validator.internal.util.Version - HV000001: Hibernate Validator 8.0.1.Final
2026-02-26 09:06:39 [main] INFO  c.example.torneos.TorneosApplication - Starting TorneosApplication v0.0.1-SNAPSHOT using Java 21.0.7 with PID 34030 (/Users/nicolas.perez/Pragma/Torneos/e-sport/backend-torneos/target/torneos-0.0.1-SNAPSHOT.jar started by nicolas.perez in /Users/nicolas.perez/Pragma/Torneos/e-sport/backend-torneos)
2026-02-26 09:06:39 [main] DEBUG c.example.torneos.TorneosApplication - Running with Spring Boot v3.2.0, Spring v6.1.1
2026-02-26 09:06:39 [main] INFO  c.example.torneos.TorneosApplication - The following 1 profile is active: "dev"
2026-02-26 09:06:41 [main] INFO  o.s.d.r.c.RepositoryConfigurationDelegate - Bootstrapping Spring Data JPA repositories in DEFAULT mode.
2026-02-26 09:06:41 [main] INFO  o.s.d.r.c.RepositoryConfigurationDelegate - Finished Spring Data repository scanning in 64 ms. Found 13 JPA repository interfaces.
2026-02-26 09:06:41 [main] INFO  o.s.b.w.e.tomcat.TomcatWebServer - Tomcat initialized with port 8081 (http)
2026-02-26 09:06:41 [main] INFO  o.a.coyote.http11.Http11NioProtocol - Initializing ProtocolHandler ["http-nio-8081"]
2026-02-26 09:06:41 [main] INFO  o.a.catalina.core.StandardService - Starting service [Tomcat]
2026-02-26 09:06:41 [main] INFO  o.a.catalina.core.StandardEngine - Starting Servlet engine: [Apache Tomcat/10.1.16]
2026-02-26 09:06:41 [main] INFO  o.a.c.c.C.[Tomcat].[localhost].[/] - Initializing Spring embedded WebApplicationContext
2026-02-26 09:06:41 [main] INFO  o.s.b.w.s.c.ServletWebServerApplicationContext - Root WebApplicationContext: initialization completed in 2145 ms
2026-02-26 09:06:42 [main] INFO  com.zaxxer.hikari.HikariDataSource - HikariPool-1 - Starting...
2026-02-26 09:06:42 [main] INFO  com.zaxxer.hikari.pool.HikariPool - HikariPool-1 - Added connection org.postgresql.jdbc.PgConnection@e2c627e
2026-02-26 09:06:42 [main] INFO  com.zaxxer.hikari.HikariDataSource - HikariPool-1 - Start completed.
2026-02-26 09:06:42 [main] INFO  o.f.c.i.license.VersionPrinter - Flyway Community Edition 9.22.3 by Redgate
2026-02-26 09:06:42 [main] INFO  o.f.c.i.license.VersionPrinter - See release notes here: https://rd.gt/416ObMi
2026-02-26 09:06:42 [main] INFO  o.f.c.i.license.VersionPrinter - 
2026-02-26 09:06:42 [main] INFO  org.flywaydb.core.FlywayExecutor - Database: jdbc:postgresql://localhost:5432/torneo (PostgreSQL 18.0)
2026-02-26 09:06:42 [main] WARN  o.f.c.i.database.base.Database - Flyway upgrade recommended: PostgreSQL 18.0 is newer than this version of Flyway and support has not been tested. The latest supported version of PostgreSQL is 15.
2026-02-26 09:06:42 [main] INFO  o.f.core.internal.command.DbValidate - Successfully validated 6 migrations (execution time 00:00.048s)
2026-02-26 09:06:42 [main] INFO  o.f.core.internal.command.DbMigrate - Current version of schema "public": 6
2026-02-26 09:06:42 [main] INFO  o.f.core.internal.command.DbMigrate - Schema "public" is up to date. No migration necessary.
2026-02-26 09:06:42 [main] INFO  o.h.jpa.internal.util.LogHelper - HHH000204: Processing PersistenceUnitInfo [name: default]
2026-02-26 09:06:42 [main] INFO  org.hibernate.Version - HHH000412: Hibernate ORM core version 6.3.1.Final
2026-02-26 09:06:42 [main] INFO  o.h.c.i.RegionFactoryInitiator - HHH000026: Second-level cache disabled
2026-02-26 09:06:43 [main] INFO  o.s.o.j.p.SpringPersistenceUnitInfo - No LoadTimeWeaver setup: ignoring JPA class transformer
2026-02-26 09:06:43 [main] WARN  org.hibernate.orm.deprecation - HHH90000025: PostgreSQLDialect does not need to be specified explicitly using 'hibernate.dialect' (remove the property setting and it will be selected by default)
2026-02-26 09:06:44 [main] INFO  o.h.e.t.j.p.i.JtaPlatformInitiator - HHH000489: No JTA platform available (set 'hibernate.transaction.jta.platform' to enable JTA platform integration)
2026-02-26 09:06:44 [main] INFO  o.s.o.j.LocalContainerEntityManagerFactoryBean - Initialized JPA EntityManagerFactory for persistence unit 'default'
2026-02-26 09:06:44 [main] INFO  o.s.d.j.r.query.QueryEnhancerFactory - Hibernate is in classpath; If applicable, HQL parser will be used.
2026-02-26 09:06:45 [main] DEBUG c.e.t.i.c.JwtAuthenticationFilter - Filter 'jwtAuthenticationFilter' configured for use
2026-02-26 09:06:45 [main] DEBUG o.s.w.f.ServerHttpObservationFilter - Filter 'webMvcObservationFilter' configured for use
2026-02-26 09:06:45 [main] WARN  o.s.b.a.o.j.JpaBaseConfiguration$JpaWebConfiguration - spring.jpa.open-in-view is enabled by default. Therefore, database queries may be performed during view rendering. Explicitly configure spring.jpa.open-in-view to disable this warning
2026-02-26 09:06:45 [main] WARN  o.s.b.a.s.s.UserDetailsServiceAutoConfiguration - 

Using generated security password: 1b4e234f-6a9c-4061-91fb-468821d92a26

This generated password is for development use only. Your security configuration must be updated before running your application in production.

2026-02-26 09:06:46 [main] DEBUG c.e.t.i.w.v.ApiVersionRequestMappingHandlerMapping - 68 mappings in 'apiVersionRequestMappingHandlerMapping'
2026-02-26 09:06:46 [main] DEBUG o.s.w.s.m.m.a.RequestMappingHandlerMapping - 68 mappings in 'requestMappingHandlerMapping'
2026-02-26 09:06:46 [main] DEBUG o.s.w.s.h.SimpleUrlHandlerMapping - Patterns [/webjars/**, /**, /swagger-ui*/*swagger-initializer.js, /swagger-ui*/**] in 'resourceHandlerMapping'
2026-02-26 09:06:46 [main] INFO  o.s.b.a.e.web.EndpointLinksResolver - Exposing 4 endpoint(s) beneath base path '/actuator'
2026-02-26 09:06:46 [main] INFO  o.s.s.web.DefaultSecurityFilterChain - Will secure any request with [org.springframework.security.web.session.DisableEncodeUrlFilter@6198bac2, org.springframework.security.web.context.request.async.WebAsyncManagerIntegrationFilter@4193b8a5, org.springframework.security.web.context.SecurityContextHolderFilter@57f778e9, org.springframework.security.web.header.HeaderWriterFilter@79ed43f8, org.springframework.web.filter.CorsFilter@2de1a93d, org.springframework.security.web.authentication.logout.LogoutFilter@11b59291, com.example.torneos.infrastructure.config.JwtAuthenticationFilter@4f34f451, org.springframework.security.web.savedrequest.RequestCacheAwareFilter@4512085c, org.springframework.security.web.servletapi.SecurityContextHolderAwareRequestFilter@10063448, org.springframework.security.web.authentication.AnonymousAuthenticationFilter@7102b480, org.springframework.security.web.session.SessionManagementFilter@404ea1e4, org.springframework.security.web.access.ExceptionTranslationFilter@104ce963, org.springframework.security.web.access.intercept.AuthorizationFilter@62e0fe3]
2026-02-26 09:06:46 [main] DEBUG o.s.w.s.m.m.a.RequestMappingHandlerAdapter - ControllerAdvice beans: 0 @ModelAttribute, 0 @InitBinder, 1 RequestBodyAdvice, 1 ResponseBodyAdvice
2026-02-26 09:06:46 [main] DEBUG o.s.w.s.m.m.a.ExceptionHandlerExceptionResolver - ControllerAdvice beans: 2 @ExceptionHandler, 1 ResponseBodyAdvice
2026-02-26 09:06:46 [main] INFO  o.a.coyote.http11.Http11NioProtocol - Starting ProtocolHandler ["http-nio-8081"]
2026-02-26 09:06:46 [main] INFO  o.s.b.w.e.tomcat.TomcatWebServer - Tomcat started on port 8081 (http) with context path ''
2026-02-26 09:06:46 [main] INFO  c.example.torneos.TorneosApplication - Started TorneosApplication in 7.569 seconds (process running for 8.044)
2026-02-26 09:06:53 [http-nio-8081-exec-1] INFO  o.a.c.c.C.[Tomcat].[localhost].[/] - Initializing Spring DispatcherServlet 'dispatcherServlet'
2026-02-26 09:06:53 [http-nio-8081-exec-1] INFO  o.s.web.servlet.DispatcherServlet - Initializing Servlet 'dispatcherServlet'
2026-02-26 09:06:53 [http-nio-8081-exec-1] DEBUG o.s.web.servlet.DispatcherServlet - Detected StandardServletMultipartResolver
2026-02-26 09:06:53 [http-nio-8081-exec-1] DEBUG o.s.web.servlet.DispatcherServlet - Detected AcceptHeaderLocaleResolver
2026-02-26 09:06:53 [http-nio-8081-exec-1] DEBUG o.s.web.servlet.DispatcherServlet - Detected FixedThemeResolver
2026-02-26 09:06:53 [http-nio-8081-exec-1] DEBUG o.s.web.servlet.DispatcherServlet - Detected org.springframework.web.servlet.view.DefaultRequestToViewNameTranslator@6e46f5c1
2026-02-26 09:06:53 [http-nio-8081-exec-1] DEBUG o.s.web.servlet.DispatcherServlet - Detected org.springframework.web.servlet.support.SessionFlashMapManager@67fc98fe
2026-02-26 09:06:53 [http-nio-8081-exec-1] DEBUG o.s.web.servlet.DispatcherServlet - enableLoggingRequestDetails='false': request parameters and headers will be masked to prevent unsafe logging of potentially sensitive data
2026-02-26 09:06:53 [http-nio-8081-exec-1] INFO  o.s.web.servlet.DispatcherServlet - Completed initialization in 2 ms
2026-02-26 09:06:53 [http-nio-8081-exec-1] WARN  o.s.w.s.h.HandlerMappingIntrospector - Cache miss for REQUEST dispatch to '/actuator/health' (previous null). Performing CorsConfiguration lookup. This is logged once only at WARN level, and every time at TRACE.
2026-02-26 09:06:53 [http-nio-8081-exec-1] WARN  o.s.w.s.h.HandlerMappingIntrospector - Cache miss for REQUEST dispatch to '/actuator/health' (previous null). Performing MatchableHandlerMapping lookup. This is logged once only at WARN level, and every time at TRACE.
2026-02-26 09:06:53 [http-nio-8081-exec-1] DEBUG o.s.web.servlet.DispatcherServlet - GET "/actuator/health", parameters={}
2026-02-26 09:06:53 [http-nio-8081-exec-1] DEBUG o.s.w.s.m.m.a.RequestResponseBodyMethodProcessor - Read "application/octet-stream" to []
2026-02-26 09:06:53 [http-nio-8081-exec-1] DEBUG o.s.w.s.m.m.a.HttpEntityMethodProcessor - Using 'application/vnd.spring-boot.actuator.v3+json', given [*/*] and supported [application/vnd.spring-boot.actuator.v3+json, application/vnd.spring-boot.actuator.v2+json, application/json]
2026-02-26 09:06:53 [http-nio-8081-exec-1] DEBUG o.s.w.s.m.m.a.HttpEntityMethodProcessor - Writing [org.springframework.boot.actuate.health.SystemHealth@1636be98]
2026-02-26 09:06:53 [http-nio-8081-exec-1] DEBUG o.s.web.servlet.DispatcherServlet - Completed 200 OK
2026-02-26 09:07:59 [http-nio-8081-exec-4] DEBUG o.s.web.servlet.DispatcherServlet - POST "/api/auth/login", parameters={}
2026-02-26 09:07:59 [http-nio-8081-exec-4] DEBUG o.s.w.s.m.m.a.RequestMappingHandlerMapping - Mapped to com.example.torneos.infrastructure.controller.AuthController#login(LoginRequestDto)
2026-02-26 09:07:59 [http-nio-8081-exec-4] DEBUG o.s.w.s.m.m.a.RequestResponseBodyMethodProcessor - Read "application/json;charset=UTF-8" to [com.example.torneos.application.dto.request.LoginRequestDto@48c8081e]
Hibernate: 
    select
        ue1_0.id,
        ue1_0.created_at,
        ue1_0.email,
        ue1_0.full_name,
        ue1_0.role,
        ue1_0.updated_at 
    from
        users ue1_0 
    where
        ue1_0.email=?
Hibernate: 
    insert 
    into
        refresh_tokens
        (created_at, expires_at, revoked, token, user_email, id) 
    values
        (?, ?, ?, ?, ?, ?)
Hibernate: 
    insert 
    into
        audit_log
        (actor_user_id, created_at, entity_id, entity_type, event_type, metadata, id) 
    values
        (?, ?, ?, ?, ?, ?, ?)
2026-02-26 09:08:00 [http-nio-8081-exec-4] DEBUG o.s.w.s.m.m.a.HttpEntityMethodProcessor - Using 'application/json', given [application/json, text/plain, */*] and supported [application/json, application/*+json]
2026-02-26 09:08:00 [http-nio-8081-exec-4] DEBUG o.s.w.s.m.m.a.HttpEntityMethodProcessor - Writing [com.example.torneos.application.service.AuthenticationService$AuthResponse@4836f5dd]
2026-02-26 09:08:00 [http-nio-8081-exec-4] DEBUG o.s.web.servlet.DispatcherServlet - Completed 200 OK
Hibernate: 
    select
        ue1_0.id,
        ue1_0.created_at,
        ue1_0.email,
        ue1_0.full_name,
        ue1_0.role,
        ue1_0.updated_at 
    from
        users ue1_0 
    where
        ue1_0.id=?
Hibernate: 
    select
        ue1_0.id,
        ue1_0.created_at,
        ue1_0.email,
        ue1_0.full_name,
        ue1_0.role,
        ue1_0.updated_at 
    from
        users ue1_0 
    where
        ue1_0.id=?
Hibernate: 
    select
        ue1_0.id,
        ue1_0.created_at,
        ue1_0.email,
        ue1_0.full_name,
        ue1_0.role,
        ue1_0.updated_at 
    from
        users ue1_0 
    where
        ue1_0.id=?
2026-02-26 09:08:00 [http-nio-8081-exec-8] DEBUG o.s.web.servlet.DispatcherServlet - GET "/api/simple/tournaments", parameters={}
2026-02-26 09:08:00 [http-nio-8081-exec-8] DEBUG o.s.w.s.m.m.a.RequestMappingHandlerMapping - Mapped to com.example.torneos.infrastructure.controller.SimpleTournamentController#getTournaments()
2026-02-26 09:08:00 [http-nio-8081-exec-10] DEBUG o.s.web.servlet.DispatcherServlet - GET "/api/game-types/simple", parameters={}
2026-02-26 09:08:00 [http-nio-8081-exec-10] DEBUG o.s.w.s.m.m.a.RequestMappingHandlerMapping - Mapped to com.example.torneos.infrastructure.controller.GameTypeController#findAllSimple()
2026-02-26 09:08:00 [http-nio-8081-exec-9] DEBUG o.s.web.servlet.DispatcherServlet - GET "/api/categories/simple", parameters={}
2026-02-26 09:08:00 [http-nio-8081-exec-9] DEBUG o.s.w.s.m.m.a.RequestMappingHandlerMapping - Mapped to com.example.torneos.infrastructure.controller.CategoryController#findAllSimple()
Hibernate: 
    select
        gte1_0.id,
        gte1_0.active,
        gte1_0.name 
    from
        game_types gte1_0
Hibernate: 
    select
        ce1_0.id,
        ce1_0.active,
        ce1_0.name 
    from
        categories ce1_0
2026-02-26 09:08:00 [http-nio-8081-exec-9] DEBUG o.s.w.s.m.m.a.HttpEntityMethodProcessor - Using 'application/json', given [application/json, text/plain, */*] and supported [application/json, application/*+json]
2026-02-26 09:08:00 [http-nio-8081-exec-10] DEBUG o.s.w.s.m.m.a.HttpEntityMethodProcessor - Using 'application/json', given [application/json, text/plain, */*] and supported [application/json, application/*+json]
2026-02-26 09:08:00 [http-nio-8081-exec-10] DEBUG o.s.w.s.m.m.a.HttpEntityMethodProcessor - Writing [[GameTypeResponse[id=325a62b6-9b53-44ad-b798-26192461a16a, name=League of Legends, active=true], Gam (truncated)...]
2026-02-26 09:08:00 [http-nio-8081-exec-9] DEBUG o.s.w.s.m.m.a.HttpEntityMethodProcessor - Writing [[CategoryResponse[id=73b74893-35ca-4c61-b5a4-49a9f77d6d06, name=Deportes Electrónicos, active=true], (truncated)...]
2026-02-26 09:08:00 [http-nio-8081-exec-9] DEBUG o.s.web.servlet.DispatcherServlet - Completed 200 OK
2026-02-26 09:08:00 [http-nio-8081-exec-10] DEBUG o.s.web.servlet.DispatcherServlet - Completed 200 OK
2026-02-26 09:08:00 [http-nio-8081-exec-8] DEBUG o.s.w.s.m.m.a.HttpEntityMethodProcessor - Using 'application/json', given [application/json, text/plain, */*] and supported [application/json, application/*+json]
2026-02-26 09:08:00 [http-nio-8081-exec-8] DEBUG o.s.w.s.m.m.a.HttpEntityMethodProcessor - Writing [{pageable={totalElements=14, pageNumber=0, pageSize=14, totalPages=1}, content=[{id=880e8400-e29b-41 (truncated)...]
2026-02-26 09:08:00 [http-nio-8081-exec-8] DEBUG o.s.web.servlet.DispatcherServlet - Completed 200 OK
Hibernate: 
    select
        ue1_0.id,
        ue1_0.created_at,
        ue1_0.email,
        ue1_0.full_name,
        ue1_0.role,
        ue1_0.updated_at 
    from
        users ue1_0 
    where
        ue1_0.id=?
2026-02-26 09:08:09 [http-nio-8081-exec-1] DEBUG o.s.web.servlet.DispatcherServlet - GET "/api/simple/tournaments", parameters={}
2026-02-26 09:08:09 [http-nio-8081-exec-1] DEBUG o.s.w.s.m.m.a.RequestMappingHandlerMapping - Mapped to com.example.torneos.infrastructure.controller.SimpleTournamentController#getTournaments()
2026-02-26 09:08:09 [http-nio-8081-exec-1] DEBUG o.s.w.s.m.m.a.HttpEntityMethodProcessor - Using 'application/json', given [application/json, text/plain, */*] and supported [application/json, application/*+json]
2026-02-26 09:08:09 [http-nio-8081-exec-1] DEBUG o.s.w.s.m.m.a.HttpEntityMethodProcessor - Writing [{pageable={totalElements=14, pageNumber=0, pageSize=14, totalPages=1}, content=[{id=880e8400-e29b-41 (truncated)...]
2026-02-26 09:08:09 [http-nio-8081-exec-1] DEBUG o.s.web.servlet.DispatcherServlet - Completed 200 OK
Hibernate: 
    select
        ue1_0.id,
        ue1_0.created_at,
        ue1_0.email,
        ue1_0.full_name,
        ue1_0.role,
        ue1_0.updated_at 
    from
        users ue1_0 
    where
        ue1_0.id=?
2026-02-26 09:08:09 [http-nio-8081-exec-2] DEBUG o.s.web.servlet.DispatcherServlet - GET "/api/simple/tournaments", parameters={}
2026-02-26 09:08:09 [http-nio-8081-exec-2] DEBUG o.s.w.s.m.m.a.RequestMappingHandlerMapping - Mapped to com.example.torneos.infrastructure.controller.SimpleTournamentController#getTournaments()
2026-02-26 09:08:09 [http-nio-8081-exec-2] DEBUG o.s.w.s.m.m.a.HttpEntityMethodProcessor - Using 'application/json', given [application/json, text/plain, */*] and supported [application/json, application/*+json]
2026-02-26 09:08:09 [http-nio-8081-exec-2] DEBUG o.s.w.s.m.m.a.HttpEntityMethodProcessor - Writing [{pageable={totalElements=14, pageNumber=0, pageSize=14, totalPages=1}, content=[{id=880e8400-e29b-41 (truncated)...]
2026-02-26 09:08:09 [http-nio-8081-exec-2] DEBUG o.s.web.servlet.DispatcherServlet - Completed 200 OK
Hibernate: 
    select
        ue1_0.id,
        ue1_0.created_at,
        ue1_0.email,
        ue1_0.full_name,
        ue1_0.role,
        ue1_0.updated_at 
    from
        users ue1_0 
    where
        ue1_0.id=?
2026-02-26 09:08:09 [http-nio-8081-exec-3] DEBUG o.s.web.servlet.DispatcherServlet - GET "/api/simple/tournaments", parameters={}
2026-02-26 09:08:09 [http-nio-8081-exec-3] DEBUG o.s.w.s.m.m.a.RequestMappingHandlerMapping - Mapped to com.example.torneos.infrastructure.controller.SimpleTournamentController#getTournaments()
2026-02-26 09:08:09 [http-nio-8081-exec-3] DEBUG o.s.w.s.m.m.a.HttpEntityMethodProcessor - Using 'application/json', given [application/json, text/plain, */*] and supported [application/json, application/*+json]
2026-02-26 09:08:09 [http-nio-8081-exec-3] DEBUG o.s.w.s.m.m.a.HttpEntityMethodProcessor - Writing [{pageable={totalElements=14, pageNumber=0, pageSize=14, totalPages=1}, content=[{id=880e8400-e29b-41 (truncated)...]
2026-02-26 09:08:09 [http-nio-8081-exec-3] DEBUG o.s.web.servlet.DispatcherServlet - Completed 200 OK
Hibernate: 
    select
        ue1_0.id,
        ue1_0.created_at,
        ue1_0.email,
        ue1_0.full_name,
        ue1_0.role,
        ue1_0.updated_at 
    from
        users ue1_0 
    where
        ue1_0.id=?
2026-02-26 09:08:09 [http-nio-8081-exec-4] DEBUG o.s.web.servlet.DispatcherServlet - GET "/api/simple/tournaments", parameters={}
2026-02-26 09:08:09 [http-nio-8081-exec-4] DEBUG o.s.w.s.m.m.a.RequestMappingHandlerMapping - Mapped to com.example.torneos.infrastructure.controller.SimpleTournamentController#getTournaments()
2026-02-26 09:08:09 [http-nio-8081-exec-4] DEBUG o.s.w.s.m.m.a.HttpEntityMethodProcessor - Using 'application/json', given [application/json, text/plain, */*] and supported [application/json, application/*+json]
2026-02-26 09:08:09 [http-nio-8081-exec-4] DEBUG o.s.w.s.m.m.a.HttpEntityMethodProcessor - Writing [{pageable={totalElements=14, pageNumber=0, pageSize=14, totalPages=1}, content=[{id=880e8400-e29b-41 (truncated)...]
2026-02-26 09:08:09 [http-nio-8081-exec-4] DEBUG o.s.web.servlet.DispatcherServlet - Completed 200 OK
Hibernate: 
    select
        ue1_0.id,
        ue1_0.created_at,
        ue1_0.email,
        ue1_0.full_name,
        ue1_0.role,
        ue1_0.updated_at 
    from
        users ue1_0 
    where
        ue1_0.id=?
2026-02-26 09:08:09 [http-nio-8081-exec-7] DEBUG o.s.web.servlet.DispatcherServlet - GET "/api/simple/tournaments", parameters={}
2026-02-26 09:08:09 [http-nio-8081-exec-7] DEBUG o.s.w.s.m.m.a.RequestMappingHandlerMapping - Mapped to com.example.torneos.infrastructure.controller.SimpleTournamentController#getTournaments()
2026-02-26 09:08:09 [http-nio-8081-exec-7] DEBUG o.s.w.s.m.m.a.HttpEntityMethodProcessor - Using 'application/json', given [application/json, text/plain, */*] and supported [application/json, application/*+json]
2026-02-26 09:08:09 [http-nio-8081-exec-7] DEBUG o.s.w.s.m.m.a.HttpEntityMethodProcessor - Writing [{pageable={totalElements=14, pageNumber=0, pageSize=14, totalPages=1}, content=[{id=880e8400-e29b-41 (truncated)...]
2026-02-26 09:08:09 [http-nio-8081-exec-7] DEBUG o.s.web.servlet.DispatcherServlet - Completed 200 OK
Hibernate: 
    select
        ue1_0.id,
        ue1_0.created_at,
        ue1_0.email,
        ue1_0.full_name,
        ue1_0.role,
        ue1_0.updated_at 
    from
        users ue1_0 
    where
        ue1_0.id=?
2026-02-26 09:08:10 [http-nio-8081-exec-5] DEBUG o.s.web.servlet.DispatcherServlet - GET "/api/simple/tournaments", parameters={}
2026-02-26 09:08:10 [http-nio-8081-exec-5] DEBUG o.s.w.s.m.m.a.RequestMappingHandlerMapping - Mapped to com.example.torneos.infrastructure.controller.SimpleTournamentController#getTournaments()
2026-02-26 09:08:10 [http-nio-8081-exec-5] DEBUG o.s.w.s.m.m.a.HttpEntityMethodProcessor - Using 'application/json', given [application/json, text/plain, */*] and supported [application/json, application/*+json]
2026-02-26 09:08:10 [http-nio-8081-exec-5] DEBUG o.s.w.s.m.m.a.HttpEntityMethodProcessor - Writing [{pageable={totalElements=14, pageNumber=0, pageSize=14, totalPages=1}, content=[{id=880e8400-e29b-41 (truncated)...]
2026-02-26 09:08:10 [http-nio-8081-exec-5] DEBUG o.s.web.servlet.DispatcherServlet - Completed 200 OK
Hibernate: 
    select
        ue1_0.id,
        ue1_0.created_at,
        ue1_0.email,
        ue1_0.full_name,
        ue1_0.role,
        ue1_0.updated_at 
    from
        users ue1_0 
    where
        ue1_0.id=?
2026-02-26 09:08:10 [http-nio-8081-exec-6] DEBUG o.s.web.servlet.DispatcherServlet - GET "/api/simple/tournaments", parameters={}
2026-02-26 09:08:10 [http-nio-8081-exec-6] DEBUG o.s.w.s.m.m.a.RequestMappingHandlerMapping - Mapped to com.example.torneos.infrastructure.controller.SimpleTournamentController#getTournaments()
2026-02-26 09:08:10 [http-nio-8081-exec-6] DEBUG o.s.w.s.m.m.a.HttpEntityMethodProcessor - Using 'application/json', given [application/json, text/plain, */*] and supported [application/json, application/*+json]
2026-02-26 09:08:10 [http-nio-8081-exec-6] DEBUG o.s.w.s.m.m.a.HttpEntityMethodProcessor - Writing [{pageable={totalElements=14, pageNumber=0, pageSize=14, totalPages=1}, content=[{id=880e8400-e29b-41 (truncated)...]
2026-02-26 09:08:10 [http-nio-8081-exec-6] DEBUG o.s.web.servlet.DispatcherServlet - Completed 200 OK
Hibernate: 
    select
        ue1_0.id,
        ue1_0.created_at,
        ue1_0.email,
        ue1_0.full_name,
        ue1_0.role,
        ue1_0.updated_at 
    from
        users ue1_0 
    where
        ue1_0.id=?
2026-02-26 09:08:13 [http-nio-8081-exec-9] DEBUG o.s.web.servlet.DispatcherServlet - GET "/api/simple/tournaments", parameters={}
2026-02-26 09:08:13 [http-nio-8081-exec-9] DEBUG o.s.w.s.m.m.a.RequestMappingHandlerMapping - Mapped to com.example.torneos.infrastructure.controller.SimpleTournamentController#getTournaments()
2026-02-26 09:08:13 [http-nio-8081-exec-9] DEBUG o.s.w.s.m.m.a.HttpEntityMethodProcessor - Using 'application/json', given [application/json, text/plain, */*] and supported [application/json, application/*+json]
2026-02-26 09:08:13 [http-nio-8081-exec-9] DEBUG o.s.w.s.m.m.a.HttpEntityMethodProcessor - Writing [{pageable={totalElements=14, pageNumber=0, pageSize=14, totalPages=1}, content=[{id=880e8400-e29b-41 (truncated)...]
2026-02-26 09:08:13 [http-nio-8081-exec-9] DEBUG o.s.web.servlet.DispatcherServlet - Completed 200 OK
Hibernate: 
    select
        ue1_0.id,
        ue1_0.created_at,
        ue1_0.email,
        ue1_0.full_name,
        ue1_0.role,
        ue1_0.updated_at 
    from
        users ue1_0 
    where
        ue1_0.id=?
2026-02-26 09:08:17 [http-nio-8081-exec-10] DEBUG o.s.web.servlet.DispatcherServlet - GET "/api/simple/tournaments", parameters={}
2026-02-26 09:08:17 [http-nio-8081-exec-10] DEBUG o.s.w.s.m.m.a.RequestMappingHandlerMapping - Mapped to com.example.torneos.infrastructure.controller.SimpleTournamentController#getTournaments()
2026-02-26 09:08:17 [http-nio-8081-exec-10] DEBUG o.s.w.s.m.m.a.HttpEntityMethodProcessor - Using 'application/json', given [application/json, text/plain, */*] and supported [application/json, application/*+json]
2026-02-26 09:08:17 [http-nio-8081-exec-10] DEBUG o.s.w.s.m.m.a.HttpEntityMethodProcessor - Writing [{pageable={totalElements=14, pageNumber=0, pageSize=14, totalPages=1}, content=[{id=880e8400-e29b-41 (truncated)...]
2026-02-26 09:08:17 [http-nio-8081-exec-10] DEBUG o.s.web.servlet.DispatcherServlet - Completed 200 OK
Hibernate: 
    select
        ue1_0.id,
        ue1_0.created_at,
        ue1_0.email,
        ue1_0.full_name,
        ue1_0.role,
        ue1_0.updated_at 
    from
        users ue1_0 
    where
        ue1_0.id=?
2026-02-26 09:08:18 [http-nio-8081-exec-8] DEBUG o.s.web.servlet.DispatcherServlet - GET "/api/simple/tournaments", parameters={}
2026-02-26 09:08:18 [http-nio-8081-exec-8] DEBUG o.s.w.s.m.m.a.RequestMappingHandlerMapping - Mapped to com.example.torneos.infrastructure.controller.SimpleTournamentController#getTournaments()
2026-02-26 09:08:18 [http-nio-8081-exec-8] DEBUG o.s.w.s.m.m.a.HttpEntityMethodProcessor - Using 'application/json', given [application/json, text/plain, */*] and supported [application/json, application/*+json]
2026-02-26 09:08:18 [http-nio-8081-exec-8] DEBUG o.s.w.s.m.m.a.HttpEntityMethodProcessor - Writing [{pageable={totalElements=14, pageNumber=0, pageSize=14, totalPages=1}, content=[{id=880e8400-e29b-41 (truncated)...]
2026-02-26 09:08:18 [http-nio-8081-exec-8] DEBUG o.s.web.servlet.DispatcherServlet - Completed 200 OK
Hibernate: 
    select
        ue1_0.id,
        ue1_0.created_at,
        ue1_0.email,
        ue1_0.full_name,
        ue1_0.role,
        ue1_0.updated_at 
    from
        users ue1_0 
    where
        ue1_0.id=?
2026-02-26 09:08:18 [http-nio-8081-exec-1] DEBUG o.s.web.servlet.DispatcherServlet - GET "/api/simple/tournaments", parameters={}
2026-02-26 09:08:18 [http-nio-8081-exec-1] DEBUG o.s.w.s.m.m.a.RequestMappingHandlerMapping - Mapped to com.example.torneos.infrastructure.controller.SimpleTournamentController#getTournaments()
2026-02-26 09:08:18 [http-nio-8081-exec-1] DEBUG o.s.w.s.m.m.a.HttpEntityMethodProcessor - Using 'application/json', given [application/json, text/plain, */*] and supported [application/json, application/*+json]
2026-02-26 09:08:18 [http-nio-8081-exec-1] DEBUG o.s.w.s.m.m.a.HttpEntityMethodProcessor - Writing [{pageable={totalElements=14, pageNumber=0, pageSize=14, totalPages=1}, content=[{id=880e8400-e29b-41 (truncated)...]
2026-02-26 09:08:18 [http-nio-8081-exec-1] DEBUG o.s.web.servlet.DispatcherServlet - Completed 200 OK
Hibernate: 
    select
        ue1_0.id,
        ue1_0.created_at,
        ue1_0.email,
        ue1_0.full_name,
        ue1_0.role,
        ue1_0.updated_at 
    from
        users ue1_0 
    where
        ue1_0.id=?
2026-02-26 09:08:18 [http-nio-8081-exec-2] DEBUG o.s.web.servlet.DispatcherServlet - GET "/api/simple/tournaments", parameters={}
2026-02-26 09:08:18 [http-nio-8081-exec-2] DEBUG o.s.w.s.m.m.a.RequestMappingHandlerMapping - Mapped to com.example.torneos.infrastructure.controller.SimpleTournamentController#getTournaments()
2026-02-26 09:08:18 [http-nio-8081-exec-2] DEBUG o.s.w.s.m.m.a.HttpEntityMethodProcessor - Using 'application/json', given [application/json, text/plain, */*] and supported [application/json, application/*+json]
2026-02-26 09:08:18 [http-nio-8081-exec-2] DEBUG o.s.w.s.m.m.a.HttpEntityMethodProcessor - Writing [{pageable={totalElements=14, pageNumber=0, pageSize=14, totalPages=1}, content=[{id=880e8400-e29b-41 (truncated)...]
2026-02-26 09:08:18 [http-nio-8081-exec-2] DEBUG o.s.web.servlet.DispatcherServlet - Completed 200 OK
Hibernate: 
    select
        ue1_0.id,
        ue1_0.created_at,
        ue1_0.email,
        ue1_0.full_name,
        ue1_0.role,
        ue1_0.updated_at 
    from
        users ue1_0 
    where
        ue1_0.id=?
2026-02-26 09:08:18 [http-nio-8081-exec-3] DEBUG o.s.web.servlet.DispatcherServlet - GET "/api/simple/tournaments", parameters={}
2026-02-26 09:08:18 [http-nio-8081-exec-3] DEBUG o.s.w.s.m.m.a.RequestMappingHandlerMapping - Mapped to com.example.torneos.infrastructure.controller.SimpleTournamentController#getTournaments()
2026-02-26 09:08:18 [http-nio-8081-exec-3] DEBUG o.s.w.s.m.m.a.HttpEntityMethodProcessor - Using 'application/json', given [application/json, text/plain, */*] and supported [application/json, application/*+json]
2026-02-26 09:08:18 [http-nio-8081-exec-3] DEBUG o.s.w.s.m.m.a.HttpEntityMethodProcessor - Writing [{pageable={totalElements=14, pageNumber=0, pageSize=14, totalPages=1}, content=[{id=880e8400-e29b-41 (truncated)...]
2026-02-26 09:08:18 [http-nio-8081-exec-3] DEBUG o.s.web.servlet.DispatcherServlet - Completed 200 OK
Hibernate: 
    select
        ue1_0.id,
        ue1_0.created_at,
        ue1_0.email,
        ue1_0.full_name,
        ue1_0.role,
        ue1_0.updated_at 
    from
        users ue1_0 
    where
        ue1_0.id=?
2026-02-26 09:08:20 [http-nio-8081-exec-4] DEBUG o.s.web.servlet.DispatcherServlet - GET "/api/simple/tournaments", parameters={}
2026-02-26 09:08:20 [http-nio-8081-exec-4] DEBUG o.s.w.s.m.m.a.RequestMappingHandlerMapping - Mapped to com.example.torneos.infrastructure.controller.SimpleTournamentController#getTournaments()
2026-02-26 09:08:20 [http-nio-8081-exec-4] DEBUG o.s.w.s.m.m.a.HttpEntityMethodProcessor - Using 'application/json', given [application/json, text/plain, */*] and supported [application/json, application/*+json]
2026-02-26 09:08:20 [http-nio-8081-exec-4] DEBUG o.s.w.s.m.m.a.HttpEntityMethodProcessor - Writing [{pageable={totalElements=14, pageNumber=0, pageSize=14, totalPages=1}, content=[{id=880e8400-e29b-41 (truncated)...]
2026-02-26 09:08:20 [http-nio-8081-exec-4] DEBUG o.s.web.servlet.DispatcherServlet - Completed 200 OK
Hibernate: 
    select
        ue1_0.id,
        ue1_0.created_at,
        ue1_0.email,
        ue1_0.full_name,
        ue1_0.role,
        ue1_0.updated_at 
    from
        users ue1_0 
    where
        ue1_0.id=?
Hibernate: 
    select
        ue1_0.id,
        ue1_0.created_at,
        ue1_0.email,
        ue1_0.full_name,
        ue1_0.role,
        ue1_0.updated_at 
    from
        users ue1_0 
    where
        ue1_0.id=?
Hibernate: 
    select
        ue1_0.id,
        ue1_0.created_at,
        ue1_0.email,
        ue1_0.full_name,
        ue1_0.role,
        ue1_0.updated_at 
    from
        users ue1_0 
    where
        ue1_0.id=?
2026-02-26 09:08:23 [http-nio-8081-exec-5] DEBUG o.s.web.servlet.DispatcherServlet - GET "/api/game-types/simple", parameters={}
2026-02-26 09:08:23 [http-nio-8081-exec-6] DEBUG o.s.web.servlet.DispatcherServlet - GET "/api/simple/tournaments", parameters={}
2026-02-26 09:08:23 [http-nio-8081-exec-7] DEBUG o.s.web.servlet.DispatcherServlet - GET "/api/categories/simple", parameters={}
2026-02-26 09:08:23 [http-nio-8081-exec-5] DEBUG o.s.w.s.m.m.a.RequestMappingHandlerMapping - Mapped to com.example.torneos.infrastructure.controller.GameTypeController#findAllSimple()
2026-02-26 09:08:23 [http-nio-8081-exec-7] DEBUG o.s.w.s.m.m.a.RequestMappingHandlerMapping - Mapped to com.example.torneos.infrastructure.controller.CategoryController#findAllSimple()
2026-02-26 09:08:23 [http-nio-8081-exec-6] DEBUG o.s.w.s.m.m.a.RequestMappingHandlerMapping - Mapped to com.example.torneos.infrastructure.controller.SimpleTournamentController#getTournaments()
Hibernate: 
    select
        gte1_0.id,
        gte1_0.active,
        gte1_0.name 
    from
        game_types gte1_0
Hibernate: 
    select
        ce1_0.id,
        ce1_0.active,
        ce1_0.name 
    from
        categories ce1_0
2026-02-26 09:08:23 [http-nio-8081-exec-6] DEBUG o.s.w.s.m.m.a.HttpEntityMethodProcessor - Using 'application/json', given [application/json, text/plain, */*] and supported [application/json, application/*+json]
2026-02-26 09:08:23 [http-nio-8081-exec-6] DEBUG o.s.w.s.m.m.a.HttpEntityMethodProcessor - Writing [{pageable={totalElements=14, pageNumber=0, pageSize=14, totalPages=1}, content=[{id=880e8400-e29b-41 (truncated)...]
2026-02-26 09:08:23 [http-nio-8081-exec-5] DEBUG o.s.w.s.m.m.a.HttpEntityMethodProcessor - Using 'application/json', given [application/json, text/plain, */*] and supported [application/json, application/*+json]
2026-02-26 09:08:23 [http-nio-8081-exec-6] DEBUG o.s.web.servlet.DispatcherServlet - Completed 200 OK
2026-02-26 09:08:23 [http-nio-8081-exec-7] DEBUG o.s.w.s.m.m.a.HttpEntityMethodProcessor - Using 'application/json', given [application/json, text/plain, */*] and supported [application/json, application/*+json]
2026-02-26 09:08:23 [http-nio-8081-exec-5] DEBUG o.s.w.s.m.m.a.HttpEntityMethodProcessor - Writing [[GameTypeResponse[id=325a62b6-9b53-44ad-b798-26192461a16a, name=League of Legends, active=true], Gam (truncated)...]
2026-02-26 09:08:23 [http-nio-8081-exec-7] DEBUG o.s.w.s.m.m.a.HttpEntityMethodProcessor - Writing [[CategoryResponse[id=73b74893-35ca-4c61-b5a4-49a9f77d6d06, name=Deportes Electrónicos, active=true], (truncated)...]
2026-02-26 09:08:23 [http-nio-8081-exec-5] DEBUG o.s.web.servlet.DispatcherServlet - Completed 200 OK
2026-02-26 09:08:23 [http-nio-8081-exec-7] DEBUG o.s.web.servlet.DispatcherServlet - Completed 200 OK
Hibernate: 
    select
        ue1_0.id,
        ue1_0.created_at,
        ue1_0.email,
        ue1_0.full_name,
        ue1_0.role,
        ue1_0.updated_at 
    from
        users ue1_0 
    where
        ue1_0.id=?
Hibernate: 
    select
        ue1_0.id,
        ue1_0.created_at,
        ue1_0.email,
        ue1_0.full_name,
        ue1_0.role,
        ue1_0.updated_at 
    from
        users ue1_0 
    where
        ue1_0.id=?
Hibernate: 
    select
        ue1_0.id,
        ue1_0.created_at,
        ue1_0.email,
        ue1_0.full_name,
        ue1_0.role,
        ue1_0.updated_at 
    from
        users ue1_0 
    where
        ue1_0.id=?
2026-02-26 09:08:25 [http-nio-8081-exec-8] DEBUG o.s.web.servlet.DispatcherServlet - GET "/api/simple/tournaments", parameters={}
2026-02-26 09:08:25 [http-nio-8081-exec-10] DEBUG o.s.web.servlet.DispatcherServlet - GET "/api/game-types/simple", parameters={}
2026-02-26 09:08:25 [http-nio-8081-exec-8] DEBUG o.s.w.s.m.m.a.RequestMappingHandlerMapping - Mapped to com.example.torneos.infrastructure.controller.SimpleTournamentController#getTournaments()
2026-02-26 09:08:25 [http-nio-8081-exec-9] DEBUG o.s.web.servlet.DispatcherServlet - GET "/api/categories/simple", parameters={}
2026-02-26 09:08:25 [http-nio-8081-exec-10] DEBUG o.s.w.s.m.m.a.RequestMappingHandlerMapping - Mapped to com.example.torneos.infrastructure.controller.GameTypeController#findAllSimple()
2026-02-26 09:08:25 [http-nio-8081-exec-9] DEBUG o.s.w.s.m.m.a.RequestMappingHandlerMapping - Mapped to com.example.torneos.infrastructure.controller.CategoryController#findAllSimple()
Hibernate: 
    select
        ce1_0.id,
        ce1_0.active,
        ce1_0.name 
    from
        categories ce1_0
Hibernate: 
    select
        gte1_0.id,
        gte1_0.active,
        gte1_0.name 
    from
        game_types gte1_0
2026-02-26 09:08:25 [http-nio-8081-exec-8] DEBUG o.s.w.s.m.m.a.HttpEntityMethodProcessor - Using 'application/json', given [application/json, text/plain, */*] and supported [application/json, application/*+json]
2026-02-26 09:08:25 [http-nio-8081-exec-8] DEBUG o.s.w.s.m.m.a.HttpEntityMethodProcessor - Writing [{pageable={totalElements=14, pageNumber=0, pageSize=14, totalPages=1}, content=[{id=880e8400-e29b-41 (truncated)...]
2026-02-26 09:08:25 [http-nio-8081-exec-10] DEBUG o.s.w.s.m.m.a.HttpEntityMethodProcessor - Using 'application/json', given [application/json, text/plain, */*] and supported [application/json, application/*+json]
2026-02-26 09:08:25 [http-nio-8081-exec-9] DEBUG o.s.w.s.m.m.a.HttpEntityMethodProcessor - Using 'application/json', given [application/json, text/plain, */*] and supported [application/json, application/*+json]
2026-02-26 09:08:25 [http-nio-8081-exec-8] DEBUG o.s.web.servlet.DispatcherServlet - Completed 200 OK
2026-02-26 09:08:25 [http-nio-8081-exec-10] DEBUG o.s.w.s.m.m.a.HttpEntityMethodProcessor - Writing [[GameTypeResponse[id=325a62b6-9b53-44ad-b798-26192461a16a, name=League of Legends, active=true], Gam (truncated)...]
2026-02-26 09:08:25 [http-nio-8081-exec-9] DEBUG o.s.w.s.m.m.a.HttpEntityMethodProcessor - Writing [[CategoryResponse[id=73b74893-35ca-4c61-b5a4-49a9f77d6d06, name=Deportes Electrónicos, active=true], (truncated)...]
2026-02-26 09:08:25 [http-nio-8081-exec-9] DEBUG o.s.web.servlet.DispatcherServlet - Completed 200 OK
2026-02-26 09:08:25 [http-nio-8081-exec-10] DEBUG o.s.web.servlet.DispatcherServlet - Completed 200 OK
Hibernate: 
    select
        ue1_0.id,
        ue1_0.created_at,
        ue1_0.email,
        ue1_0.full_name,
        ue1_0.role,
        ue1_0.updated_at 
    from
        users ue1_0 
    where
        ue1_0.id=?
Hibernate: 
    select
        ue1_0.id,
        ue1_0.created_at,
        ue1_0.email,
        ue1_0.full_name,
        ue1_0.role,
        ue1_0.updated_at 
    from
        users ue1_0 
    where
        ue1_0.id=?
2026-02-26 09:08:26 [http-nio-8081-exec-1] DEBUG o.s.web.servlet.DispatcherServlet - GET "/api/categories/simple", parameters={}
2026-02-26 09:08:26 [http-nio-8081-exec-1] DEBUG o.s.w.s.m.m.a.RequestMappingHandlerMapping - Mapped to com.example.torneos.infrastructure.controller.CategoryController#findAllSimple()
2026-02-26 09:08:26 [http-nio-8081-exec-2] DEBUG o.s.web.servlet.DispatcherServlet - GET "/api/game-types/simple", parameters={}
2026-02-26 09:08:26 [http-nio-8081-exec-2] DEBUG o.s.w.s.m.m.a.RequestMappingHandlerMapping - Mapped to com.example.torneos.infrastructure.controller.GameTypeController#findAllSimple()
Hibernate: 
    select
        ce1_0.id,
        ce1_0.active,
        ce1_0.name 
    from
        categories ce1_0
Hibernate: 
    select
        gte1_0.id,
        gte1_0.active,
        gte1_0.name 
    from
        game_types gte1_0
2026-02-26 09:08:26 [http-nio-8081-exec-1] DEBUG o.s.w.s.m.m.a.HttpEntityMethodProcessor - Using 'application/json', given [application/json, text/plain, */*] and supported [application/json, application/*+json]
2026-02-26 09:08:26 [http-nio-8081-exec-1] DEBUG o.s.w.s.m.m.a.HttpEntityMethodProcessor - Writing [[CategoryResponse[id=73b74893-35ca-4c61-b5a4-49a9f77d6d06, name=Deportes Electrónicos, active=true], (truncated)...]
2026-02-26 09:08:26 [http-nio-8081-exec-2] DEBUG o.s.w.s.m.m.a.HttpEntityMethodProcessor - Using 'application/json', given [application/json, text/plain, */*] and supported [application/json, application/*+json]
2026-02-26 09:08:26 [http-nio-8081-exec-2] DEBUG o.s.w.s.m.m.a.HttpEntityMethodProcessor - Writing [[GameTypeResponse[id=325a62b6-9b53-44ad-b798-26192461a16a, name=League of Legends, active=true], Gam (truncated)...]
2026-02-26 09:08:26 [http-nio-8081-exec-2] DEBUG o.s.web.servlet.DispatcherServlet - Completed 200 OK
2026-02-26 09:08:26 [http-nio-8081-exec-1] DEBUG o.s.web.servlet.DispatcherServlet - Completed 200 OK
Hibernate: 
    select
        ue1_0.id,
        ue1_0.created_at,
        ue1_0.email,
        ue1_0.full_name,
        ue1_0.role,
        ue1_0.updated_at 
    from
        users ue1_0 
    where
        ue1_0.id=?
Hibernate: 
    select
        ue1_0.id,
        ue1_0.created_at,
        ue1_0.email,
        ue1_0.full_name,
        ue1_0.role,
        ue1_0.updated_at 
    from
        users ue1_0 
    where
        ue1_0.id=?
Hibernate: 
    select
        ue1_0.id,
        ue1_0.created_at,
        ue1_0.email,
        ue1_0.full_name,
        ue1_0.role,
        ue1_0.updated_at 
    from
        users ue1_0 
    where
        ue1_0.id=?
2026-02-26 09:08:35 [http-nio-8081-exec-3] DEBUG o.s.web.servlet.DispatcherServlet - GET "/api/categories/simple", parameters={}
2026-02-26 09:08:35 [http-nio-8081-exec-3] DEBUG o.s.w.s.m.m.a.RequestMappingHandlerMapping - Mapped to com.example.torneos.infrastructure.controller.CategoryController#findAllSimple()
Hibernate: 
    select
        ce1_0.id,
        ce1_0.active,
        ce1_0.name 
    from
        categories ce1_0
2026-02-26 09:08:35 [http-nio-8081-exec-4] DEBUG o.s.web.servlet.DispatcherServlet - GET "/api/game-types/simple", parameters={}
2026-02-26 09:08:35 [http-nio-8081-exec-6] DEBUG o.s.web.servlet.DispatcherServlet - GET "/api/simple/tournaments", parameters={}
2026-02-26 09:08:35 [http-nio-8081-exec-4] DEBUG o.s.w.s.m.m.a.RequestMappingHandlerMapping - Mapped to com.example.torneos.infrastructure.controller.GameTypeController#findAllSimple()
2026-02-26 09:08:35 [http-nio-8081-exec-6] DEBUG o.s.w.s.m.m.a.RequestMappingHandlerMapping - Mapped to com.example.torneos.infrastructure.controller.SimpleTournamentController#getTournaments()
Hibernate: 
    select
        gte1_0.id,
        gte1_0.active,
        gte1_0.name 
    from
        game_types gte1_0
2026-02-26 09:08:35 [http-nio-8081-exec-3] DEBUG o.s.w.s.m.m.a.HttpEntityMethodProcessor - Using 'application/json', given [application/json, text/plain, */*] and supported [application/json, application/*+json]
2026-02-26 09:08:35 [http-nio-8081-exec-3] DEBUG o.s.w.s.m.m.a.HttpEntityMethodProcessor - Writing [[CategoryResponse[id=73b74893-35ca-4c61-b5a4-49a9f77d6d06, name=Deportes Electrónicos, active=true], (truncated)...]
2026-02-26 09:08:35 [http-nio-8081-exec-6] DEBUG o.s.w.s.m.m.a.HttpEntityMethodProcessor - Using 'application/json', given [application/json, text/plain, */*] and supported [application/json, application/*+json]
2026-02-26 09:08:35 [http-nio-8081-exec-6] DEBUG o.s.w.s.m.m.a.HttpEntityMethodProcessor - Writing [{pageable={totalElements=14, pageNumber=0, pageSize=14, totalPages=1}, content=[{id=880e8400-e29b-41 (truncated)...]
2026-02-26 09:08:35 [http-nio-8081-exec-3] DEBUG o.s.web.servlet.DispatcherServlet - Completed 200 OK
2026-02-26 09:08:35 [http-nio-8081-exec-6] DEBUG o.s.web.servlet.DispatcherServlet - Completed 200 OK
2026-02-26 09:08:35 [http-nio-8081-exec-4] DEBUG o.s.w.s.m.m.a.HttpEntityMethodProcessor - Using 'application/json', given [application/json, text/plain, */*] and supported [application/json, application/*+json]
2026-02-26 09:08:35 [http-nio-8081-exec-4] DEBUG o.s.w.s.m.m.a.HttpEntityMethodProcessor - Writing [[GameTypeResponse[id=325a62b6-9b53-44ad-b798-26192461a16a, name=League of Legends, active=true], Gam (truncated)...]
2026-02-26 09:08:35 [http-nio-8081-exec-4] DEBUG o.s.web.servlet.DispatcherServlet - Completed 200 OK
Hibernate: 
    select
        ue1_0.id,
        ue1_0.created_at,
        ue1_0.email,
        ue1_0.full_name,
        ue1_0.role,
        ue1_0.updated_at 
    from
        users ue1_0 
    where
        ue1_0.id=?
Hibernate: 
    select
        ue1_0.id,
        ue1_0.created_at,
        ue1_0.email,
        ue1_0.full_name,
        ue1_0.role,
        ue1_0.updated_at 
    from
        users ue1_0 
    where
        ue1_0.id=?
2026-02-26 09:08:43 [http-nio-8081-exec-5] DEBUG o.s.web.servlet.DispatcherServlet - GET "/api/categories/simple", parameters={}
2026-02-26 09:08:43 [http-nio-8081-exec-7] DEBUG o.s.web.servlet.DispatcherServlet - GET "/api/game-types/simple", parameters={}
2026-02-26 09:08:43 [http-nio-8081-exec-5] DEBUG o.s.w.s.m.m.a.RequestMappingHandlerMapping - Mapped to com.example.torneos.infrastructure.controller.CategoryController#findAllSimple()
2026-02-26 09:08:43 [http-nio-8081-exec-7] DEBUG o.s.w.s.m.m.a.RequestMappingHandlerMapping - Mapped to com.example.torneos.infrastructure.controller.GameTypeController#findAllSimple()
Hibernate: 
    select
        ce1_0.id,
        ce1_0.active,
        ce1_0.name 
    from
        categories ce1_0
Hibernate: 
    select
        gte1_0.id,
        gte1_0.active,
        gte1_0.name 
    from
        game_types gte1_0
2026-02-26 09:08:43 [http-nio-8081-exec-5] DEBUG o.s.w.s.m.m.a.HttpEntityMethodProcessor - Using 'application/json', given [application/json, text/plain, */*] and supported [application/json, application/*+json]
2026-02-26 09:08:43 [http-nio-8081-exec-5] DEBUG o.s.w.s.m.m.a.HttpEntityMethodProcessor - Writing [[CategoryResponse[id=73b74893-35ca-4c61-b5a4-49a9f77d6d06, name=Deportes Electrónicos, active=true], (truncated)...]
2026-02-26 09:08:43 [http-nio-8081-exec-7] DEBUG o.s.w.s.m.m.a.HttpEntityMethodProcessor - Using 'application/json', given [application/json, text/plain, */*] and supported [application/json, application/*+json]
2026-02-26 09:08:43 [http-nio-8081-exec-7] DEBUG o.s.w.s.m.m.a.HttpEntityMethodProcessor - Writing [[GameTypeResponse[id=325a62b6-9b53-44ad-b798-26192461a16a, name=League of Legends, active=true], Gam (truncated)...]
2026-02-26 09:08:43 [http-nio-8081-exec-5] DEBUG o.s.web.servlet.DispatcherServlet - Completed 200 OK
2026-02-26 09:08:43 [http-nio-8081-exec-7] DEBUG o.s.web.servlet.DispatcherServlet - Completed 200 OK
Hibernate: 
    select
        ue1_0.id,
        ue1_0.created_at,
        ue1_0.email,
        ue1_0.full_name,
        ue1_0.role,
        ue1_0.updated_at 
    from
        users ue1_0 
    where
        ue1_0.id=?
Hibernate: 
    select
        ue1_0.id,
        ue1_0.created_at,
        ue1_0.email,
        ue1_0.full_name,
        ue1_0.role,
        ue1_0.updated_at 
    from
        users ue1_0 
    where
        ue1_0.id=?
Hibernate: 
    select
        ue1_0.id,
        ue1_0.created_at,
        ue1_0.email,
        ue1_0.full_name,
        ue1_0.role,
        ue1_0.updated_at 
    from
        users ue1_0 
    where
        ue1_0.id=?
2026-02-26 09:08:45 [http-nio-8081-exec-10] DEBUG o.s.web.servlet.DispatcherServlet - GET "/api/simple/tournaments", parameters={}
2026-02-26 09:08:45 [http-nio-8081-exec-8] DEBUG o.s.web.servlet.DispatcherServlet - GET "/api/categories/simple", parameters={}
2026-02-26 09:08:45 [http-nio-8081-exec-10] DEBUG o.s.w.s.m.m.a.RequestMappingHandlerMapping - Mapped to com.example.torneos.infrastructure.controller.SimpleTournamentController#getTournaments()
2026-02-26 09:08:45 [http-nio-8081-exec-8] DEBUG o.s.w.s.m.m.a.RequestMappingHandlerMapping - Mapped to com.example.torneos.infrastructure.controller.CategoryController#findAllSimple()
2026-02-26 09:08:45 [http-nio-8081-exec-9] DEBUG o.s.web.servlet.DispatcherServlet - GET "/api/game-types/simple", parameters={}
2026-02-26 09:08:45 [http-nio-8081-exec-9] DEBUG o.s.w.s.m.m.a.RequestMappingHandlerMapping - Mapped to com.example.torneos.infrastructure.controller.GameTypeController#findAllSimple()
Hibernate: 
    select
        ce1_0.id,
        ce1_0.active,
        ce1_0.name 
    from
        categories ce1_0
Hibernate: 
    select
        gte1_0.id,
        gte1_0.active,
        gte1_0.name 
    from
        game_types gte1_0
2026-02-26 09:08:45 [http-nio-8081-exec-10] DEBUG o.s.w.s.m.m.a.HttpEntityMethodProcessor - Using 'application/json', given [application/json, text/plain, */*] and supported [application/json, application/*+json]
2026-02-26 09:08:45 [http-nio-8081-exec-10] DEBUG o.s.w.s.m.m.a.HttpEntityMethodProcessor - Writing [{pageable={totalElements=14, pageNumber=0, pageSize=14, totalPages=1}, content=[{id=880e8400-e29b-41 (truncated)...]
2026-02-26 09:08:45 [http-nio-8081-exec-9] DEBUG o.s.w.s.m.m.a.HttpEntityMethodProcessor - Using 'application/json', given [application/json, text/plain, */*] and supported [application/json, application/*+json]
2026-02-26 09:08:45 [http-nio-8081-exec-8] DEBUG o.s.w.s.m.m.a.HttpEntityMethodProcessor - Using 'application/json', given [application/json, text/plain, */*] and supported [application/json, application/*+json]
2026-02-26 09:08:45 [http-nio-8081-exec-9] DEBUG o.s.w.s.m.m.a.HttpEntityMethodProcessor - Writing [[GameTypeResponse[id=325a62b6-9b53-44ad-b798-26192461a16a, name=League of Legends, active=true], Gam (truncated)...]
2026-02-26 09:08:45 [http-nio-8081-exec-8] DEBUG o.s.w.s.m.m.a.HttpEntityMethodProcessor - Writing [[CategoryResponse[id=73b74893-35ca-4c61-b5a4-49a9f77d6d06, name=Deportes Electrónicos, active=true], (truncated)...]
2026-02-26 09:08:45 [http-nio-8081-exec-9] DEBUG o.s.web.servlet.DispatcherServlet - Completed 200 OK
2026-02-26 09:08:45 [http-nio-8081-exec-10] DEBUG o.s.web.servlet.DispatcherServlet - Completed 200 OK
2026-02-26 09:08:45 [http-nio-8081-exec-8] DEBUG o.s.web.servlet.DispatcherServlet - Completed 200 OK
Hibernate: 
    select
        ue1_0.id,
        ue1_0.created_at,
        ue1_0.email,
        ue1_0.full_name,
        ue1_0.role,
        ue1_0.updated_at 
    from
        users ue1_0 
    where
        ue1_0.id=?
Hibernate: 
    select
        ue1_0.id,
        ue1_0.created_at,
        ue1_0.email,
        ue1_0.full_name,
        ue1_0.role,
        ue1_0.updated_at 
    from
        users ue1_0 
    where
        ue1_0.id=?
Hibernate: 
    select
        ue1_0.id,
        ue1_0.created_at,
        ue1_0.email,
        ue1_0.full_name,
        ue1_0.role,
        ue1_0.updated_at 
    from
        users ue1_0 
    where
        ue1_0.id=?
2026-02-26 09:08:47 [http-nio-8081-exec-3] DEBUG o.s.web.servlet.DispatcherServlet - GET "/api/simple/tournaments", parameters={}
2026-02-26 09:08:47 [http-nio-8081-exec-3] DEBUG o.s.w.s.m.m.a.RequestMappingHandlerMapping - Mapped to com.example.torneos.infrastructure.controller.SimpleTournamentController#getTournaments()
2026-02-26 09:08:47 [http-nio-8081-exec-1] DEBUG o.s.web.servlet.DispatcherServlet - GET "/api/categories/simple", parameters={}
2026-02-26 09:08:47 [http-nio-8081-exec-1] DEBUG o.s.w.s.m.m.a.RequestMappingHandlerMapping - Mapped to com.example.torneos.infrastructure.controller.CategoryController#findAllSimple()
2026-02-26 09:08:47 [http-nio-8081-exec-2] DEBUG o.s.web.servlet.DispatcherServlet - GET "/api/game-types/simple", parameters={}
2026-02-26 09:08:47 [http-nio-8081-exec-2] DEBUG o.s.w.s.m.m.a.RequestMappingHandlerMapping - Mapped to com.example.torneos.infrastructure.controller.GameTypeController#findAllSimple()
Hibernate: 
    select
        gte1_0.id,
        gte1_0.active,
        gte1_0.name 
    from
        game_types gte1_0
Hibernate: 
    select
        ce1_0.id,
        ce1_0.active,
        ce1_0.name 
    from
        categories ce1_0
2026-02-26 09:08:47 [http-nio-8081-exec-3] DEBUG o.s.w.s.m.m.a.HttpEntityMethodProcessor - Using 'application/json', given [application/json, text/plain, */*] and supported [application/json, application/*+json]
2026-02-26 09:08:47 [http-nio-8081-exec-3] DEBUG o.s.w.s.m.m.a.HttpEntityMethodProcessor - Writing [{pageable={totalElements=14, pageNumber=0, pageSize=14, totalPages=1}, content=[{id=880e8400-e29b-41 (truncated)...]
2026-02-26 09:08:47 [http-nio-8081-exec-1] DEBUG o.s.w.s.m.m.a.HttpEntityMethodProcessor - Using 'application/json', given [application/json, text/plain, */*] and supported [application/json, application/*+json]
2026-02-26 09:08:47 [http-nio-8081-exec-2] DEBUG o.s.w.s.m.m.a.HttpEntityMethodProcessor - Using 'application/json', given [application/json, text/plain, */*] and supported [application/json, application/*+json]
2026-02-26 09:08:47 [http-nio-8081-exec-1] DEBUG o.s.w.s.m.m.a.HttpEntityMethodProcessor - Writing [[CategoryResponse[id=73b74893-35ca-4c61-b5a4-49a9f77d6d06, name=Deportes Electrónicos, active=true], (truncated)...]
2026-02-26 09:08:47 [http-nio-8081-exec-2] DEBUG o.s.w.s.m.m.a.HttpEntityMethodProcessor - Writing [[GameTypeResponse[id=325a62b6-9b53-44ad-b798-26192461a16a, name=League of Legends, active=true], Gam (truncated)...]
2026-02-26 09:08:47 [http-nio-8081-exec-3] DEBUG o.s.web.servlet.DispatcherServlet - Completed 200 OK
2026-02-26 09:08:47 [http-nio-8081-exec-1] DEBUG o.s.web.servlet.DispatcherServlet - Completed 200 OK
2026-02-26 09:08:47 [http-nio-8081-exec-2] DEBUG o.s.web.servlet.DispatcherServlet - Completed 200 OK
Hibernate: 
    select
        ue1_0.id,
        ue1_0.created_at,
        ue1_0.email,
        ue1_0.full_name,
        ue1_0.role,
        ue1_0.updated_at 
    from
        users ue1_0 
    where
        ue1_0.id=?
Hibernate: 
    select
        ue1_0.id,
        ue1_0.created_at,
        ue1_0.email,
        ue1_0.full_name,
        ue1_0.role,
        ue1_0.updated_at 
    from
        users ue1_0 
    where
        ue1_0.id=?
2026-02-26 09:08:53 [http-nio-8081-exec-4] DEBUG o.s.web.servlet.DispatcherServlet - GET "/api/game-types/simple", parameters={}
2026-02-26 09:08:53 [http-nio-8081-exec-4] DEBUG o.s.w.s.m.m.a.RequestMappingHandlerMapping - Mapped to com.example.torneos.infrastructure.controller.GameTypeController#findAllSimple()
Hibernate: 
    select
        gte1_0.id,
        gte1_0.active,
        gte1_0.name 
    from
        game_types gte1_0
2026-02-26 09:08:53 [http-nio-8081-exec-6] DEBUG o.s.web.servlet.DispatcherServlet - GET "/api/categories/simple", parameters={}
2026-02-26 09:08:53 [http-nio-8081-exec-6] DEBUG o.s.w.s.m.m.a.RequestMappingHandlerMapping - Mapped to com.example.torneos.infrastructure.controller.CategoryController#findAllSimple()
Hibernate: 
    select
        ce1_0.id,
        ce1_0.active,
        ce1_0.name 
    from
        categories ce1_0
2026-02-26 09:08:53 [http-nio-8081-exec-4] DEBUG o.s.w.s.m.m.a.HttpEntityMethodProcessor - Using 'application/json', given [application/json, text/plain, */*] and supported [application/json, application/*+json]
2026-02-26 09:08:53 [http-nio-8081-exec-4] DEBUG o.s.w.s.m.m.a.HttpEntityMethodProcessor - Writing [[GameTypeResponse[id=325a62b6-9b53-44ad-b798-26192461a16a, name=League of Legends, active=true], Gam (truncated)...]
2026-02-26 09:08:53 [http-nio-8081-exec-4] DEBUG o.s.web.servlet.DispatcherServlet - Completed 200 OK
2026-02-26 09:08:53 [http-nio-8081-exec-6] DEBUG o.s.w.s.m.m.a.HttpEntityMethodProcessor - Using 'application/json', given [application/json, text/plain, */*] and supported [application/json, application/*+json]
2026-02-26 09:08:53 [http-nio-8081-exec-6] DEBUG o.s.w.s.m.m.a.HttpEntityMethodProcessor - Writing [[CategoryResponse[id=73b74893-35ca-4c61-b5a4-49a9f77d6d06, name=Deportes Electrónicos, active=true], (truncated)...]
2026-02-26 09:08:53 [http-nio-8081-exec-6] DEBUG o.s.web.servlet.DispatcherServlet - Completed 200 OK
Hibernate: 
    select
        ue1_0.id,
        ue1_0.created_at,
        ue1_0.email,
        ue1_0.full_name,
        ue1_0.role,
        ue1_0.updated_at 
    from
        users ue1_0 
    where
        ue1_0.id=?
Hibernate: 
    select
        ue1_0.id,
        ue1_0.created_at,
        ue1_0.email,
        ue1_0.full_name,
        ue1_0.role,
        ue1_0.updated_at 
    from
        users ue1_0 
    where
        ue1_0.id=?
Hibernate: 
    select
        ue1_0.id,
        ue1_0.created_at,
        ue1_0.email,
        ue1_0.full_name,
        ue1_0.role,
        ue1_0.updated_at 
    from
        users ue1_0 
    where
        ue1_0.id=?
2026-02-26 09:08:55 [http-nio-8081-exec-7] DEBUG o.s.web.servlet.DispatcherServlet - GET "/api/categories/simple", parameters={}
2026-02-26 09:08:55 [http-nio-8081-exec-5] DEBUG o.s.web.servlet.DispatcherServlet - GET "/api/game-types/simple", parameters={}
2026-02-26 09:08:55 [http-nio-8081-exec-5] DEBUG o.s.w.s.m.m.a.RequestMappingHandlerMapping - Mapped to com.example.torneos.infrastructure.controller.GameTypeController#findAllSimple()
2026-02-26 09:08:55 [http-nio-8081-exec-7] DEBUG o.s.w.s.m.m.a.RequestMappingHandlerMapping - Mapped to com.example.torneos.infrastructure.controller.CategoryController#findAllSimple()
2026-02-26 09:08:55 [http-nio-8081-exec-9] DEBUG o.s.web.servlet.DispatcherServlet - GET "/api/simple/tournaments", parameters={}
2026-02-26 09:08:55 [http-nio-8081-exec-9] DEBUG o.s.w.s.m.m.a.RequestMappingHandlerMapping - Mapped to com.example.torneos.infrastructure.controller.SimpleTournamentController#getTournaments()
Hibernate: 
    select
        gte1_0.id,
        gte1_0.active,
        gte1_0.name 
    from
        game_types gte1_0
Hibernate: 
    select
        ce1_0.id,
        ce1_0.active,
        ce1_0.name 
    from
        categories ce1_0
2026-02-26 09:08:55 [http-nio-8081-exec-9] DEBUG o.s.w.s.m.m.a.HttpEntityMethodProcessor - Using 'application/json', given [application/json, text/plain, */*] and supported [application/json, application/*+json]
2026-02-26 09:08:55 [http-nio-8081-exec-5] DEBUG o.s.w.s.m.m.a.HttpEntityMethodProcessor - Using 'application/json', given [application/json, text/plain, */*] and supported [application/json, application/*+json]
2026-02-26 09:08:55 [http-nio-8081-exec-9] DEBUG o.s.w.s.m.m.a.HttpEntityMethodProcessor - Writing [{pageable={totalElements=14, pageNumber=0, pageSize=14, totalPages=1}, content=[{id=880e8400-e29b-41 (truncated)...]
2026-02-26 09:08:55 [http-nio-8081-exec-7] DEBUG o.s.w.s.m.m.a.HttpEntityMethodProcessor - Using 'application/json', given [application/json, text/plain, */*] and supported [application/json, application/*+json]
2026-02-26 09:08:55 [http-nio-8081-exec-5] DEBUG o.s.w.s.m.m.a.HttpEntityMethodProcessor - Writing [[GameTypeResponse[id=325a62b6-9b53-44ad-b798-26192461a16a, name=League of Legends, active=true], Gam (truncated)...]
2026-02-26 09:08:55 [http-nio-8081-exec-7] DEBUG o.s.w.s.m.m.a.HttpEntityMethodProcessor - Writing [[CategoryResponse[id=73b74893-35ca-4c61-b5a4-49a9f77d6d06, name=Deportes Electrónicos, active=true], (truncated)...]
2026-02-26 09:08:55 [http-nio-8081-exec-9] DEBUG o.s.web.servlet.DispatcherServlet - Completed 200 OK
2026-02-26 09:08:55 [http-nio-8081-exec-5] DEBUG o.s.web.servlet.DispatcherServlet - Completed 200 OK
2026-02-26 09:08:55 [http-nio-8081-exec-7] DEBUG o.s.web.servlet.DispatcherServlet - Completed 200 OK
Hibernate: 
    select
        ue1_0.id,
        ue1_0.created_at,
        ue1_0.email,
        ue1_0.full_name,
        ue1_0.role,
        ue1_0.updated_at 
    from
        users ue1_0 
    where
        ue1_0.id=?
Hibernate: 
    select
        ue1_0.id,
        ue1_0.created_at,
        ue1_0.email,
        ue1_0.full_name,
        ue1_0.role,
        ue1_0.updated_at 
    from
        users ue1_0 
    where
        ue1_0.id=?
2026-02-26 09:09:20 [http-nio-8081-exec-3] DEBUG o.s.web.servlet.DispatcherServlet - GET "/api/tournaments/880e8400-e29b-41d4-a716-446655440009/subadmins", parameters={}
2026-02-26 09:09:20 [http-nio-8081-exec-1] DEBUG o.s.web.servlet.DispatcherServlet - GET "/api/simple/tournaments/880e8400-e29b-41d4-a716-446655440009", parameters={}
2026-02-26 09:09:20 [http-nio-8081-exec-1] DEBUG o.s.w.s.m.m.a.RequestMappingHandlerMapping - Mapped to com.example.torneos.infrastructure.controller.SimpleTournamentController#getTournament(String)
2026-02-26 09:09:20 [http-nio-8081-exec-3] DEBUG o.s.w.s.m.m.a.RequestMappingHandlerMapping - Mapped to com.example.torneos.infrastructure.controller.TournamentController#getSubAdmins(UUID)
Hibernate: 
    select
        te1_0.id,
        te1_0.category_id,
        te1_0.created_at,
        te1_0.description,
        te1_0.end_date_time,
        te1_0.game_type_id,
        te1_0.is_paid,
        te1_0.max_free_capacity,
        te1_0.name,
        te1_0.organizer_id,
        te1_0.start_date_time,
        te1_0.status,
        te1_0.updated_at,
        te1_0.version 
    from
        tournaments te1_0 
    where
        te1_0.id=?
Hibernate: 
    select
        tae1_0.id,
        tae1_0.created_at,
        tae1_0.sub_admin_user_id,
        tae1_0.tournament_id 
    from
        tournament_admins tae1_0 
    where
        tae1_0.tournament_id=?
2026-02-26 09:09:20 [http-nio-8081-exec-1] DEBUG o.s.w.s.m.m.a.HttpEntityMethodProcessor - Using 'application/json', given [application/json, text/plain, */*] and supported [application/json, application/*+json]
2026-02-26 09:09:20 [http-nio-8081-exec-1] DEBUG o.s.w.s.m.m.a.HttpEntityMethodProcessor - Writing [{id=880e8400-e29b-41d4-a716-446655440009, name=Dota 2 Pro League, description=Liga profesional de Do (truncated)...]
2026-02-26 09:09:20 [http-nio-8081-exec-1] DEBUG o.s.web.servlet.DispatcherServlet - Completed 200 OK
2026-02-26 09:09:20 [http-nio-8081-exec-3] DEBUG o.s.w.s.m.m.a.HttpEntityMethodProcessor - Using 'application/json', given [application/json, text/plain, */*] and supported [application/json, application/*+json]
2026-02-26 09:09:20 [http-nio-8081-exec-3] DEBUG o.s.w.s.m.m.a.HttpEntityMethodProcessor - Writing [[]]
2026-02-26 09:09:20 [http-nio-8081-exec-3] DEBUG o.s.web.servlet.DispatcherServlet - Completed 200 OK
Hibernate: 
    select
        ue1_0.id,
        ue1_0.created_at,
        ue1_0.email,
        ue1_0.full_name,
        ue1_0.role,
        ue1_0.updated_at 
    from
        users ue1_0 
    where
        ue1_0.id=?
Hibernate: 
    select
        ue1_0.id,
        ue1_0.created_at,
        ue1_0.email,
        ue1_0.full_name,
        ue1_0.role,
        ue1_0.updated_at 
    from
        users ue1_0 
    where
        ue1_0.id=?
Hibernate: 
    select
        ue1_0.id,
        ue1_0.created_at,
        ue1_0.email,
        ue1_0.full_name,
        ue1_0.role,
        ue1_0.updated_at 
    from
        users ue1_0 
    where
        ue1_0.id=?
2026-02-26 09:09:25 [http-nio-8081-exec-4] DEBUG o.s.web.servlet.DispatcherServlet - GET "/api/game-types/simple", parameters={}
2026-02-26 09:09:25 [http-nio-8081-exec-6] DEBUG o.s.web.servlet.DispatcherServlet - GET "/api/simple/tournaments", parameters={}
2026-02-26 09:09:25 [http-nio-8081-exec-2] DEBUG o.s.web.servlet.DispatcherServlet - GET "/api/categories/simple", parameters={}
2026-02-26 09:09:25 [http-nio-8081-exec-6] DEBUG o.s.w.s.m.m.a.RequestMappingHandlerMapping - Mapped to com.example.torneos.infrastructure.controller.SimpleTournamentController#getTournaments()
2026-02-26 09:09:25 [http-nio-8081-exec-4] DEBUG o.s.w.s.m.m.a.RequestMappingHandlerMapping - Mapped to com.example.torneos.infrastructure.controller.GameTypeController#findAllSimple()
2026-02-26 09:09:25 [http-nio-8081-exec-2] DEBUG o.s.w.s.m.m.a.RequestMappingHandlerMapping - Mapped to com.example.torneos.infrastructure.controller.CategoryController#findAllSimple()
Hibernate: 
    select
        ce1_0.id,
        ce1_0.active,
        ce1_0.name 
    from
        categories ce1_0
Hibernate: 
    select
        gte1_0.id,
        gte1_0.active,
        gte1_0.name 
    from
        game_types gte1_0
2026-02-26 09:09:25 [http-nio-8081-exec-6] DEBUG o.s.w.s.m.m.a.HttpEntityMethodProcessor - Using 'application/json', given [application/json, text/plain, */*] and supported [application/json, application/*+json]
2026-02-26 09:09:25 [http-nio-8081-exec-6] DEBUG o.s.w.s.m.m.a.HttpEntityMethodProcessor - Writing [{pageable={totalElements=14, pageNumber=0, pageSize=14, totalPages=1}, content=[{id=880e8400-e29b-41 (truncated)...]
2026-02-26 09:09:25 [http-nio-8081-exec-4] DEBUG o.s.w.s.m.m.a.HttpEntityMethodProcessor - Using 'application/json', given [application/json, text/plain, */*] and supported [application/json, application/*+json]
2026-02-26 09:09:25 [http-nio-8081-exec-2] DEBUG o.s.w.s.m.m.a.HttpEntityMethodProcessor - Using 'application/json', given [application/json, text/plain, */*] and supported [application/json, application/*+json]
2026-02-26 09:09:25 [http-nio-8081-exec-4] DEBUG o.s.w.s.m.m.a.HttpEntityMethodProcessor - Writing [[GameTypeResponse[id=325a62b6-9b53-44ad-b798-26192461a16a, name=League of Legends, active=true], Gam (truncated)...]
2026-02-26 09:09:25 [http-nio-8081-exec-2] DEBUG o.s.w.s.m.m.a.HttpEntityMethodProcessor - Writing [[CategoryResponse[id=73b74893-35ca-4c61-b5a4-49a9f77d6d06, name=Deportes Electrónicos, active=true], (truncated)...]
2026-02-26 09:09:25 [http-nio-8081-exec-4] DEBUG o.s.web.servlet.DispatcherServlet - Completed 200 OK
2026-02-26 09:09:25 [http-nio-8081-exec-2] DEBUG o.s.web.servlet.DispatcherServlet - Completed 200 OK
2026-02-26 09:09:25 [http-nio-8081-exec-6] DEBUG o.s.web.servlet.DispatcherServlet - Completed 200 OK
Hibernate: 
    select
        ue1_0.id,
        ue1_0.created_at,
        ue1_0.email,
        ue1_0.full_name,
        ue1_0.role,
        ue1_0.updated_at 
    from
        users ue1_0 
    where
        ue1_0.id=?
Hibernate: 
    select
        ue1_0.id,
        ue1_0.created_at,
        ue1_0.email,
        ue1_0.full_name,
        ue1_0.role,
        ue1_0.updated_at 
    from
        users ue1_0 
    where
        ue1_0.id=?
2026-02-26 09:09:29 [http-nio-8081-exec-5] DEBUG o.s.web.servlet.DispatcherServlet - GET "/api/categories/simple", parameters={}
2026-02-26 09:09:29 [http-nio-8081-exec-5] DEBUG o.s.w.s.m.m.a.RequestMappingHandlerMapping - Mapped to com.example.torneos.infrastructure.controller.CategoryController#findAllSimple()
2026-02-26 09:09:29 [http-nio-8081-exec-9] DEBUG o.s.web.servlet.DispatcherServlet - GET "/api/game-types/simple", parameters={}
2026-02-26 09:09:29 [http-nio-8081-exec-9] DEBUG o.s.w.s.m.m.a.RequestMappingHandlerMapping - Mapped to com.example.torneos.infrastructure.controller.GameTypeController#findAllSimple()
Hibernate: 
    select
        gte1_0.id,
        gte1_0.active,
        gte1_0.name 
    from
        game_types gte1_0
Hibernate: 
    select
        ce1_0.id,
        ce1_0.active,
        ce1_0.name 
    from
        categories ce1_0
2026-02-26 09:09:29 [http-nio-8081-exec-9] DEBUG o.s.w.s.m.m.a.HttpEntityMethodProcessor - Using 'application/json', given [application/json, text/plain, */*] and supported [application/json, application/*+json]
2026-02-26 09:09:29 [http-nio-8081-exec-5] DEBUG o.s.w.s.m.m.a.HttpEntityMethodProcessor - Using 'application/json', given [application/json, text/plain, */*] and supported [application/json, application/*+json]
2026-02-26 09:09:29 [http-nio-8081-exec-9] DEBUG o.s.w.s.m.m.a.HttpEntityMethodProcessor - Writing [[GameTypeResponse[id=325a62b6-9b53-44ad-b798-26192461a16a, name=League of Legends, active=true], Gam (truncated)...]
2026-02-26 09:09:29 [http-nio-8081-exec-5] DEBUG o.s.w.s.m.m.a.HttpEntityMethodProcessor - Writing [[CategoryResponse[id=73b74893-35ca-4c61-b5a4-49a9f77d6d06, name=Deportes Electrónicos, active=true], (truncated)...]
2026-02-26 09:09:29 [http-nio-8081-exec-9] DEBUG o.s.web.servlet.DispatcherServlet - Completed 200 OK
2026-02-26 09:09:29 [http-nio-8081-exec-5] DEBUG o.s.web.servlet.DispatcherServlet - Completed 200 OK
Hibernate: 
    select
        ue1_0.id,
        ue1_0.created_at,
        ue1_0.email,
        ue1_0.full_name,
        ue1_0.role,
        ue1_0.updated_at 
    from
        users ue1_0 
    where
        ue1_0.id=?
Hibernate: 
    select
        ue1_0.id,
        ue1_0.created_at,
        ue1_0.email,
        ue1_0.full_name,
        ue1_0.role,
        ue1_0.updated_at 
    from
        users ue1_0 
    where
        ue1_0.id=?
Hibernate: 
    select
        ue1_0.id,
        ue1_0.created_at,
        ue1_0.email,
        ue1_0.full_name,
        ue1_0.role,
        ue1_0.updated_at 
    from
        users ue1_0 
    where
        ue1_0.id=?
2026-02-26 09:09:33 [http-nio-8081-exec-7] DEBUG o.s.web.servlet.DispatcherServlet - GET "/api/categories/simple", parameters={}
2026-02-26 09:09:33 [http-nio-8081-exec-10] DEBUG o.s.web.servlet.DispatcherServlet - GET "/api/simple/tournaments", parameters={}
2026-02-26 09:09:33 [http-nio-8081-exec-7] DEBUG o.s.w.s.m.m.a.RequestMappingHandlerMapping - Mapped to com.example.torneos.infrastructure.controller.CategoryController#findAllSimple()
2026-02-26 09:09:33 [http-nio-8081-exec-10] DEBUG o.s.w.s.m.m.a.RequestMappingHandlerMapping - Mapped to com.example.torneos.infrastructure.controller.SimpleTournamentController#getTournaments()
2026-02-26 09:09:33 [http-nio-8081-exec-8] DEBUG o.s.web.servlet.DispatcherServlet - GET "/api/game-types/simple", parameters={}
2026-02-26 09:09:33 [http-nio-8081-exec-8] DEBUG o.s.w.s.m.m.a.RequestMappingHandlerMapping - Mapped to com.example.torneos.infrastructure.controller.GameTypeController#findAllSimple()
Hibernate: 
    select
        ce1_0.id,
        ce1_0.active,
        ce1_0.name 
    from
        categories ce1_0
Hibernate: 
    select
        gte1_0.id,
        gte1_0.active,
        gte1_0.name 
    from
        game_types gte1_0
2026-02-26 09:09:33 [http-nio-8081-exec-8] DEBUG o.s.w.s.m.m.a.HttpEntityMethodProcessor - Using 'application/json', given [application/json, text/plain, */*] and supported [application/json, application/*+json]
2026-02-26 09:09:33 [http-nio-8081-exec-7] DEBUG o.s.w.s.m.m.a.HttpEntityMethodProcessor - Using 'application/json', given [application/json, text/plain, */*] and supported [application/json, application/*+json]
2026-02-26 09:09:33 [http-nio-8081-exec-10] DEBUG o.s.w.s.m.m.a.HttpEntityMethodProcessor - Using 'application/json', given [application/json, text/plain, */*] and supported [application/json, application/*+json]
2026-02-26 09:09:33 [http-nio-8081-exec-8] DEBUG o.s.w.s.m.m.a.HttpEntityMethodProcessor - Writing [[GameTypeResponse[id=325a62b6-9b53-44ad-b798-26192461a16a, name=League of Legends, active=true], Gam (truncated)...]
2026-02-26 09:09:33 [http-nio-8081-exec-7] DEBUG o.s.w.s.m.m.a.HttpEntityMethodProcessor - Writing [[CategoryResponse[id=73b74893-35ca-4c61-b5a4-49a9f77d6d06, name=Deportes Electrónicos, active=true], (truncated)...]
2026-02-26 09:09:33 [http-nio-8081-exec-10] DEBUG o.s.w.s.m.m.a.HttpEntityMethodProcessor - Writing [{pageable={totalElements=14, pageNumber=0, pageSize=14, totalPages=1}, content=[{id=880e8400-e29b-41 (truncated)...]
2026-02-26 09:09:33 [http-nio-8081-exec-7] DEBUG o.s.web.servlet.DispatcherServlet - Completed 200 OK
2026-02-26 09:09:33 [http-nio-8081-exec-8] DEBUG o.s.web.servlet.DispatcherServlet - Completed 200 OK
2026-02-26 09:09:33 [http-nio-8081-exec-10] DEBUG o.s.web.servlet.DispatcherServlet - Completed 200 OK
