[INFO] Scanning for projects...
[INFO] 
[INFO] ------------------------< com.example:torneos >-------------------------
[INFO] Building torneos 0.0.1-SNAPSHOT
[INFO]   from pom.xml
[INFO] --------------------------------[ jar ]---------------------------------
[INFO] 
[INFO] >>> spring-boot:3.2.0:run (default-cli) > test-compile @ torneos >>>
[INFO] 
[INFO] --- resources:3.3.1:resources (default-resources) @ torneos ---
[INFO] Copying 6 resources from src/main/resources to target/classes
[INFO] Copying 7 resources from src/main/resources to target/classes
[INFO] 
[INFO] --- compiler:3.11.0:compile (default-compile) @ torneos ---
[INFO] Nothing to compile - all classes are up to date
[INFO] 
[INFO] --- resources:3.3.1:testResources (default-testResources) @ torneos ---
[INFO] skip non existing resourceDirectory /Users/nicolas.perez/Pragma/e-sport/backend-torneos/src/test/resources
[INFO] 
[INFO] --- compiler:3.11.0:testCompile (default-testCompile) @ torneos ---
[INFO] Nothing to compile - all classes are up to date
[INFO] 
[INFO] <<< spring-boot:3.2.0:run (default-cli) < test-compile @ torneos <<<
[INFO] 
[INFO] 
[INFO] --- spring-boot:3.2.0:run (default-cli) @ torneos ---
[INFO] Attaching agents: []

  .   ____          _            __ _ _
 /\\ / ___'_ __ _ _(_)_ __  __ _ \ \ \ \
( ( )\___ | '_ | '_| | '_ \/ _` | \ \ \ \
 \\/  ___)| |_)| | | | | || (_| |  ) ) ) )
  '  |____| .__|_| |_|_| |_\__, | / / / /
 =========|_|==============|___/=/_/_/_/
 :: Spring Boot ::                (v3.2.0)

2025-12-22T20:01:16.453-05:00  INFO 33697 --- [torneos-backend] [           main] com.example.torneos.TorneosApplication   : Starting TorneosApplication using Java 21.0.7 with PID 33697 (/Users/nicolas.perez/Pragma/e-sport/backend-torneos/target/classes started by nicolas.perez in /Users/nicolas.perez/Pragma/e-sport/backend-torneos)
2025-12-22T20:01:16.453-05:00  INFO 33697 --- [torneos-backend] [           main] com.example.torneos.TorneosApplication   : The following 1 profile is active: "postgres"
2025-12-22T20:01:16.948-05:00  INFO 33697 --- [torneos-backend] [           main] .s.d.r.c.RepositoryConfigurationDelegate : Bootstrapping Spring Data JPA repositories in DEFAULT mode.
2025-12-22T20:01:17.017-05:00  INFO 33697 --- [torneos-backend] [           main] .s.d.r.c.RepositoryConfigurationDelegate : Finished Spring Data repository scanning in 67 ms. Found 13 JPA repository interfaces.
2025-12-22T20:01:17.341-05:00  INFO 33697 --- [torneos-backend] [           main] o.s.b.w.embedded.tomcat.TomcatWebServer  : Tomcat initialized with port 8081 (http)
2025-12-22T20:01:17.346-05:00  INFO 33697 --- [torneos-backend] [           main] o.apache.catalina.core.StandardService   : Starting service [Tomcat]
2025-12-22T20:01:17.346-05:00  INFO 33697 --- [torneos-backend] [           main] o.apache.catalina.core.StandardEngine    : Starting Servlet engine: [Apache Tomcat/10.1.16]
2025-12-22T20:01:17.376-05:00  INFO 33697 --- [torneos-backend] [           main] o.a.c.c.C.[Tomcat].[localhost].[/]       : Initializing Spring embedded WebApplicationContext
2025-12-22T20:01:17.377-05:00  INFO 33697 --- [torneos-backend] [           main] w.s.c.ServletWebServerApplicationContext : Root WebApplicationContext: initialization completed in 912 ms
2025-12-22T20:01:17.525-05:00  INFO 33697 --- [torneos-backend] [           main] com.zaxxer.hikari.HikariDataSource       : HikariPool-1 - Starting...
2025-12-22T20:01:17.638-05:00  INFO 33697 --- [torneos-backend] [           main] com.zaxxer.hikari.pool.HikariPool        : HikariPool-1 - Added connection org.postgresql.jdbc.PgConnection@3a54638b
2025-12-22T20:01:17.639-05:00  INFO 33697 --- [torneos-backend] [           main] com.zaxxer.hikari.HikariDataSource       : HikariPool-1 - Start completed.
2025-12-22T20:01:17.669-05:00  INFO 33697 --- [torneos-backend] [           main] o.f.c.internal.license.VersionPrinter    : Flyway Community Edition 9.22.3 by Redgate
2025-12-22T20:01:17.669-05:00  INFO 33697 --- [torneos-backend] [           main] o.f.c.internal.license.VersionPrinter    : See release notes here: https://rd.gt/416ObMi
2025-12-22T20:01:17.669-05:00  INFO 33697 --- [torneos-backend] [           main] o.f.c.internal.license.VersionPrinter    : 
2025-12-22T20:01:17.674-05:00  INFO 33697 --- [torneos-backend] [           main] org.flywaydb.core.FlywayExecutor         : Database: jdbc:postgresql://localhost:5432/torneo (PostgreSQL 18.0)
2025-12-22T20:01:17.701-05:00  WARN 33697 --- [torneos-backend] [           main] o.f.c.internal.database.base.Database    : Flyway upgrade recommended: PostgreSQL 18.0 is newer than this version of Flyway and support has not been tested. The latest supported version of PostgreSQL is 15.
2025-12-22T20:01:17.806-05:00  INFO 33697 --- [torneos-backend] [           main] o.f.core.internal.command.DbValidate     : Successfully validated 6 migrations (execution time 00:00.060s)
2025-12-22T20:01:17.818-05:00  INFO 33697 --- [torneos-backend] [           main] o.f.core.internal.command.DbMigrate      : Current version of schema "public": 5
2025-12-22T20:01:17.832-05:00  INFO 33697 --- [torneos-backend] [           main] o.f.core.internal.command.DbMigrate      : Migrating schema "public" to version "6 - Insert sample data"
2025-12-22T20:01:17.876-05:00 ERROR 33697 --- [torneos-backend] [           main] o.f.core.internal.command.DbMigrate      : Migration of schema "public" to version "6 - Insert sample data" failed! Changes successfully rolled back.
2025-12-22T20:01:17.879-05:00 ERROR 33697 --- [torneos-backend] [           main] o.s.b.web.embedded.tomcat.TomcatStarter  : Error starting Tomcat context. Exception: org.springframework.beans.factory.UnsatisfiedDependencyException. Message: Error creating bean with name 'idempotencyFilter' defined in file [/Users/nicolas.perez/Pragma/e-sport/backend-torneos/target/classes/com/example/torneos/infrastructure/config/IdempotencyFilter.class]: Unsatisfied dependency expressed through constructor parameter 0: Error creating bean with name 'idempotencyService' defined in file [/Users/nicolas.perez/Pragma/e-sport/backend-torneos/target/classes/com/example/torneos/application/service/IdempotencyService.class]: Unsatisfied dependency expressed through constructor parameter 0: Error creating bean with name 'jpaIdempotencyKeyRepository' defined in com.example.torneos.infrastructure.persistence.repository.JpaIdempotencyKeyRepository defined in @EnableJpaRepositories declared on JpaRepositoriesRegistrar.EnableJpaRepositoriesConfiguration: Cannot resolve reference to bean 'jpaSharedEM_entityManagerFactory' while setting bean property 'entityManager'
2025-12-22T20:01:17.888-05:00  INFO 33697 --- [torneos-backend] [           main] o.apache.catalina.core.StandardService   : Stopping service [Tomcat]
2025-12-22T20:01:17.889-05:00  WARN 33697 --- [torneos-backend] [           main] o.a.c.loader.WebappClassLoaderBase       : The web application [ROOT] appears to have started a thread named [HikariPool-1 housekeeper] but has failed to stop it. This is very likely to create a memory leak. Stack trace of thread:
 java.base/jdk.internal.misc.Unsafe.park(Native Method)
 java.base/java.util.concurrent.locks.LockSupport.parkNanos(LockSupport.java:269)
 java.base/java.util.concurrent.locks.AbstractQueuedSynchronizer$ConditionObject.awaitNanos(AbstractQueuedSynchronizer.java:1763)
 java.base/java.util.concurrent.ScheduledThreadPoolExecutor$DelayedWorkQueue.take(ScheduledThreadPoolExecutor.java:1182)
 java.base/java.util.concurrent.ScheduledThreadPoolExecutor$DelayedWorkQueue.take(ScheduledThreadPoolExecutor.java:899)
 java.base/java.util.concurrent.ThreadPoolExecutor.getTask(ThreadPoolExecutor.java:1070)
 java.base/java.util.concurrent.ThreadPoolExecutor.runWorker(ThreadPoolExecutor.java:1130)
 java.base/java.util.concurrent.ThreadPoolExecutor$Worker.run(ThreadPoolExecutor.java:642)
 java.base/java.lang.Thread.run(Thread.java:1583)
2025-12-22T20:01:17.889-05:00  WARN 33697 --- [torneos-backend] [           main] o.a.c.loader.WebappClassLoaderBase       : The web application [ROOT] appears to have started a thread named [HikariPool-1 connection adder] but has failed to stop it. This is very likely to create a memory leak. Stack trace of thread:
 java.base/sun.nio.ch.Net.poll(Native Method)
 java.base/sun.nio.ch.NioSocketImpl.park(NioSocketImpl.java:191)
 java.base/sun.nio.ch.NioSocketImpl.timedRead(NioSocketImpl.java:280)
 java.base/sun.nio.ch.NioSocketImpl.implRead(NioSocketImpl.java:304)
 java.base/sun.nio.ch.NioSocketImpl.read(NioSocketImpl.java:346)
 java.base/sun.nio.ch.NioSocketImpl$1.read(NioSocketImpl.java:796)
 java.base/java.net.Socket$SocketInputStream.read(Socket.java:1099)
 org.postgresql.core.VisibleBufferedInputStream.readMore(VisibleBufferedInputStream.java:161)
 org.postgresql.core.VisibleBufferedInputStream.ensureBytes(VisibleBufferedInputStream.java:128)
 org.postgresql.core.VisibleBufferedInputStream.ensureBytes(VisibleBufferedInputStream.java:113)
 org.postgresql.core.VisibleBufferedInputStream.read(VisibleBufferedInputStream.java:73)
 org.postgresql.core.PGStream.receiveChar(PGStream.java:465)
 org.postgresql.core.v3.ConnectionFactoryImpl.enableSSL(ConnectionFactoryImpl.java:589)
 org.postgresql.core.v3.ConnectionFactoryImpl.tryConnect(ConnectionFactoryImpl.java:191)
 org.postgresql.core.v3.ConnectionFactoryImpl.openConnectionImpl(ConnectionFactoryImpl.java:258)
 org.postgresql.core.ConnectionFactory.openConnection(ConnectionFactory.java:54)
 org.postgresql.jdbc.PgConnection.<init>(PgConnection.java:263)
 org.postgresql.Driver.makeConnection(Driver.java:443)
 org.postgresql.Driver.connect(Driver.java:297)
 com.zaxxer.hikari.util.DriverDataSource.getConnection(DriverDataSource.java:138)
 com.zaxxer.hikari.pool.PoolBase.newConnection(PoolBase.java:359)
 com.zaxxer.hikari.pool.PoolBase.newPoolEntry(PoolBase.java:201)
 com.zaxxer.hikari.pool.HikariPool.createPoolEntry(HikariPool.java:470)
 com.zaxxer.hikari.pool.HikariPool$PoolEntryCreator.call(HikariPool.java:733)
 com.zaxxer.hikari.pool.HikariPool$PoolEntryCreator.call(HikariPool.java:712)
 java.base/java.util.concurrent.FutureTask.run(FutureTask.java:317)
 java.base/java.util.concurrent.ThreadPoolExecutor.runWorker(ThreadPoolExecutor.java:1144)
 java.base/java.util.concurrent.ThreadPoolExecutor$Worker.run(ThreadPoolExecutor.java:642)
 java.base/java.lang.Thread.run(Thread.java:1583)
2025-12-22T20:01:17.890-05:00  WARN 33697 --- [torneos-backend] [           main] ConfigServletWebServerApplicationContext : Exception encountered during context initialization - cancelling refresh attempt: org.springframework.context.ApplicationContextException: Unable to start web server
2025-12-22T20:01:17.891-05:00  INFO 33697 --- [torneos-backend] [           main] com.zaxxer.hikari.HikariDataSource       : HikariPool-1 - Shutdown initiated...
2025-12-22T20:01:17.926-05:00  INFO 33697 --- [torneos-backend] [           main] com.zaxxer.hikari.HikariDataSource       : HikariPool-1 - Shutdown completed.
2025-12-22T20:01:17.932-05:00  INFO 33697 --- [torneos-backend] [           main] .s.b.a.l.ConditionEvaluationReportLogger : 

Error starting ApplicationContext. To display the condition evaluation report re-run your application with 'debug' enabled.
2025-12-22T20:01:17.939-05:00 ERROR 33697 --- [torneos-backend] [           main] o.s.boot.SpringApplication               : Application run failed

org.springframework.context.ApplicationContextException: Unable to start web server
	at org.springframework.boot.web.servlet.context.ServletWebServerApplicationContext.onRefresh(ServletWebServerApplicationContext.java:165) ~[spring-boot-3.2.0.jar:3.2.0]
	at org.springframework.context.support.AbstractApplicationContext.refresh(AbstractApplicationContext.java:610) ~[spring-context-6.1.1.jar:6.1.1]
	at org.springframework.boot.web.servlet.context.ServletWebServerApplicationContext.refresh(ServletWebServerApplicationContext.java:146) ~[spring-boot-3.2.0.jar:3.2.0]
	at org.springframework.boot.SpringApplication.refresh(SpringApplication.java:753) ~[spring-boot-3.2.0.jar:3.2.0]
	at org.springframework.boot.SpringApplication.refreshContext(SpringApplication.java:455) ~[spring-boot-3.2.0.jar:3.2.0]
	at org.springframework.boot.SpringApplication.run(SpringApplication.java:323) ~[spring-boot-3.2.0.jar:3.2.0]
	at org.springframework.boot.SpringApplication.run(SpringApplication.java:1342) ~[spring-boot-3.2.0.jar:3.2.0]
	at org.springframework.boot.SpringApplication.run(SpringApplication.java:1331) ~[spring-boot-3.2.0.jar:3.2.0]
	at com.example.torneos.TorneosApplication.main(TorneosApplication.java:10) ~[classes/:na]
Caused by: org.springframework.boot.web.server.WebServerException: Unable to start embedded Tomcat
	at org.springframework.boot.web.embedded.tomcat.TomcatWebServer.initialize(TomcatWebServer.java:142) ~[spring-boot-3.2.0.jar:3.2.0]
	at org.springframework.boot.web.embedded.tomcat.TomcatWebServer.<init>(TomcatWebServer.java:104) ~[spring-boot-3.2.0.jar:3.2.0]
	at org.springframework.boot.web.embedded.tomcat.TomcatServletWebServerFactory.getTomcatWebServer(TomcatServletWebServerFactory.java:501) ~[spring-boot-3.2.0.jar:3.2.0]
	at org.springframework.boot.web.embedded.tomcat.TomcatServletWebServerFactory.getWebServer(TomcatServletWebServerFactory.java:218) ~[spring-boot-3.2.0.jar:3.2.0]
	at org.springframework.boot.web.servlet.context.ServletWebServerApplicationContext.createWebServer(ServletWebServerApplicationContext.java:188) ~[spring-boot-3.2.0.jar:3.2.0]
	at org.springframework.boot.web.servlet.context.ServletWebServerApplicationContext.onRefresh(ServletWebServerApplicationContext.java:162) ~[spring-boot-3.2.0.jar:3.2.0]
	... 8 common frames omitted
Caused by: org.springframework.beans.factory.UnsatisfiedDependencyException: Error creating bean with name 'idempotencyFilter' defined in file [/Users/nicolas.perez/Pragma/e-sport/backend-torneos/target/classes/com/example/torneos/infrastructure/config/IdempotencyFilter.class]: Unsatisfied dependency expressed through constructor parameter 0: Error creating bean with name 'idempotencyService' defined in file [/Users/nicolas.perez/Pragma/e-sport/backend-torneos/target/classes/com/example/torneos/application/service/IdempotencyService.class]: Unsatisfied dependency expressed through constructor parameter 0: Error creating bean with name 'jpaIdempotencyKeyRepository' defined in com.example.torneos.infrastructure.persistence.repository.JpaIdempotencyKeyRepository defined in @EnableJpaRepositories declared on JpaRepositoriesRegistrar.EnableJpaRepositoriesConfiguration: Cannot resolve reference to bean 'jpaSharedEM_entityManagerFactory' while setting bean property 'entityManager'
	at org.springframework.beans.factory.support.ConstructorResolver.createArgumentArray(ConstructorResolver.java:802) ~[spring-beans-6.1.1.jar:6.1.1]
	at org.springframework.beans.factory.support.ConstructorResolver.autowireConstructor(ConstructorResolver.java:241) ~[spring-beans-6.1.1.jar:6.1.1]
	at org.springframework.beans.factory.support.AbstractAutowireCapableBeanFactory.autowireConstructor(AbstractAutowireCapableBeanFactory.java:1356) ~[spring-beans-6.1.1.jar:6.1.1]
	at org.springframework.beans.factory.support.AbstractAutowireCapableBeanFactory.createBeanInstance(AbstractAutowireCapableBeanFactory.java:1193) ~[spring-beans-6.1.1.jar:6.1.1]
	at org.springframework.beans.factory.support.AbstractAutowireCapableBeanFactory.doCreateBean(AbstractAutowireCapableBeanFactory.java:563) ~[spring-beans-6.1.1.jar:6.1.1]
	at org.springframework.beans.factory.support.AbstractAutowireCapableBeanFactory.createBean(AbstractAutowireCapableBeanFactory.java:523) ~[spring-beans-6.1.1.jar:6.1.1]
	at org.springframework.beans.factory.support.AbstractBeanFactory.lambda$doGetBean$0(AbstractBeanFactory.java:325) ~[spring-beans-6.1.1.jar:6.1.1]
	at org.springframework.beans.factory.support.DefaultSingletonBeanRegistry.getSingleton(DefaultSingletonBeanRegistry.java:234) ~[spring-beans-6.1.1.jar:6.1.1]
	at org.springframework.beans.factory.support.AbstractBeanFactory.doGetBean(AbstractBeanFactory.java:323) ~[spring-beans-6.1.1.jar:6.1.1]
	at org.springframework.beans.factory.support.AbstractBeanFactory.getBean(AbstractBeanFactory.java:204) ~[spring-beans-6.1.1.jar:6.1.1]
	at org.springframework.boot.web.servlet.ServletContextInitializerBeans.getOrderedBeansOfType(ServletContextInitializerBeans.java:210) ~[spring-boot-3.2.0.jar:3.2.0]
	at org.springframework.boot.web.servlet.ServletContextInitializerBeans.addAsRegistrationBean(ServletContextInitializerBeans.java:173) ~[spring-boot-3.2.0.jar:3.2.0]
	at org.springframework.boot.web.servlet.ServletContextInitializerBeans.addAsRegistrationBean(ServletContextInitializerBeans.java:168) ~[spring-boot-3.2.0.jar:3.2.0]
	at org.springframework.boot.web.servlet.ServletContextInitializerBeans.addAdaptableBeans(ServletContextInitializerBeans.java:153) ~[spring-boot-3.2.0.jar:3.2.0]
	at org.springframework.boot.web.servlet.ServletContextInitializerBeans.<init>(ServletContextInitializerBeans.java:86) ~[spring-boot-3.2.0.jar:3.2.0]
	at org.springframework.boot.web.servlet.context.ServletWebServerApplicationContext.getServletContextInitializerBeans(ServletWebServerApplicationContext.java:266) ~[spring-boot-3.2.0.jar:3.2.0]
	at org.springframework.boot.web.servlet.context.ServletWebServerApplicationContext.selfInitialize(ServletWebServerApplicationContext.java:240) ~[spring-boot-3.2.0.jar:3.2.0]
	at org.springframework.boot.web.embedded.tomcat.TomcatStarter.onStartup(TomcatStarter.java:52) ~[spring-boot-3.2.0.jar:3.2.0]
	at org.apache.catalina.core.StandardContext.startInternal(StandardContext.java:4850) ~[tomcat-embed-core-10.1.16.jar:10.1.16]
	at org.apache.catalina.util.LifecycleBase.start(LifecycleBase.java:171) ~[tomcat-embed-core-10.1.16.jar:10.1.16]
	at org.apache.catalina.core.ContainerBase$StartChild.call(ContainerBase.java:1332) ~[tomcat-embed-core-10.1.16.jar:10.1.16]
	at org.apache.catalina.core.ContainerBase$StartChild.call(ContainerBase.java:1322) ~[tomcat-embed-core-10.1.16.jar:10.1.16]
	at java.base/java.util.concurrent.FutureTask.run(FutureTask.java:317) ~[na:na]
	at org.apache.tomcat.util.threads.InlineExecutorService.execute(InlineExecutorService.java:75) ~[tomcat-embed-core-10.1.16.jar:10.1.16]
	at java.base/java.util.concurrent.AbstractExecutorService.submit(AbstractExecutorService.java:145) ~[na:na]
	at org.apache.catalina.core.ContainerBase.startInternal(ContainerBase.java:866) ~[tomcat-embed-core-10.1.16.jar:10.1.16]
	at org.apache.catalina.core.StandardHost.startInternal(StandardHost.java:845) ~[tomcat-embed-core-10.1.16.jar:10.1.16]
	at org.apache.catalina.util.LifecycleBase.start(LifecycleBase.java:171) ~[tomcat-embed-core-10.1.16.jar:10.1.16]
	at org.apache.catalina.core.ContainerBase$StartChild.call(ContainerBase.java:1332) ~[tomcat-embed-core-10.1.16.jar:10.1.16]
	at org.apache.catalina.core.ContainerBase$StartChild.call(ContainerBase.java:1322) ~[tomcat-embed-core-10.1.16.jar:10.1.16]
	at java.base/java.util.concurrent.FutureTask.run(FutureTask.java:317) ~[na:na]
	at org.apache.tomcat.util.threads.InlineExecutorService.execute(InlineExecutorService.java:75) ~[tomcat-embed-core-10.1.16.jar:10.1.16]
	at java.base/java.util.concurrent.AbstractExecutorService.submit(AbstractExecutorService.java:145) ~[na:na]
	at org.apache.catalina.core.ContainerBase.startInternal(ContainerBase.java:866) ~[tomcat-embed-core-10.1.16.jar:10.1.16]
	at org.apache.catalina.core.StandardEngine.startInternal(StandardEngine.java:240) ~[tomcat-embed-core-10.1.16.jar:10.1.16]
	at org.apache.catalina.util.LifecycleBase.start(LifecycleBase.java:171) ~[tomcat-embed-core-10.1.16.jar:10.1.16]
	at org.apache.catalina.core.StandardService.startInternal(StandardService.java:433) ~[tomcat-embed-core-10.1.16.jar:10.1.16]
	at org.apache.catalina.util.LifecycleBase.start(LifecycleBase.java:171) ~[tomcat-embed-core-10.1.16.jar:10.1.16]
	at org.apache.catalina.core.StandardServer.startInternal(StandardServer.java:917) ~[tomcat-embed-core-10.1.16.jar:10.1.16]
	at org.apache.catalina.util.LifecycleBase.start(LifecycleBase.java:171) ~[tomcat-embed-core-10.1.16.jar:10.1.16]
	at org.apache.catalina.startup.Tomcat.start(Tomcat.java:488) ~[tomcat-embed-core-10.1.16.jar:10.1.16]
	at org.springframework.boot.web.embedded.tomcat.TomcatWebServer.initialize(TomcatWebServer.java:123) ~[spring-boot-3.2.0.jar:3.2.0]
	... 13 common frames omitted
Caused by: org.springframework.beans.factory.UnsatisfiedDependencyException: Error creating bean with name 'idempotencyService' defined in file [/Users/nicolas.perez/Pragma/e-sport/backend-torneos/target/classes/com/example/torneos/application/service/IdempotencyService.class]: Unsatisfied dependency expressed through constructor parameter 0: Error creating bean with name 'jpaIdempotencyKeyRepository' defined in com.example.torneos.infrastructure.persistence.repository.JpaIdempotencyKeyRepository defined in @EnableJpaRepositories declared on JpaRepositoriesRegistrar.EnableJpaRepositoriesConfiguration: Cannot resolve reference to bean 'jpaSharedEM_entityManagerFactory' while setting bean property 'entityManager'
	at org.springframework.beans.factory.support.ConstructorResolver.createArgumentArray(ConstructorResolver.java:802) ~[spring-beans-6.1.1.jar:6.1.1]
	at org.springframework.beans.factory.support.ConstructorResolver.autowireConstructor(ConstructorResolver.java:241) ~[spring-beans-6.1.1.jar:6.1.1]
	at org.springframework.beans.factory.support.AbstractAutowireCapableBeanFactory.autowireConstructor(AbstractAutowireCapableBeanFactory.java:1356) ~[spring-beans-6.1.1.jar:6.1.1]
	at org.springframework.beans.factory.support.AbstractAutowireCapableBeanFactory.createBeanInstance(AbstractAutowireCapableBeanFactory.java:1193) ~[spring-beans-6.1.1.jar:6.1.1]
	at org.springframework.beans.factory.support.AbstractAutowireCapableBeanFactory.doCreateBean(AbstractAutowireCapableBeanFactory.java:563) ~[spring-beans-6.1.1.jar:6.1.1]
	at org.springframework.beans.factory.support.AbstractAutowireCapableBeanFactory.createBean(AbstractAutowireCapableBeanFactory.java:523) ~[spring-beans-6.1.1.jar:6.1.1]
	at org.springframework.beans.factory.support.AbstractBeanFactory.lambda$doGetBean$0(AbstractBeanFactory.java:325) ~[spring-beans-6.1.1.jar:6.1.1]
	at org.springframework.beans.factory.support.DefaultSingletonBeanRegistry.getSingleton(DefaultSingletonBeanRegistry.java:234) ~[spring-beans-6.1.1.jar:6.1.1]
	at org.springframework.beans.factory.support.AbstractBeanFactory.doGetBean(AbstractBeanFactory.java:323) ~[spring-beans-6.1.1.jar:6.1.1]
	at org.springframework.beans.factory.support.AbstractBeanFactory.getBean(AbstractBeanFactory.java:199) ~[spring-beans-6.1.1.jar:6.1.1]
	at org.springframework.beans.factory.config.DependencyDescriptor.resolveCandidate(DependencyDescriptor.java:254) ~[spring-beans-6.1.1.jar:6.1.1]
	at org.springframework.beans.factory.support.DefaultListableBeanFactory.doResolveDependency(DefaultListableBeanFactory.java:1441) ~[spring-beans-6.1.1.jar:6.1.1]
	at org.springframework.beans.factory.support.DefaultListableBeanFactory.resolveDependency(DefaultListableBeanFactory.java:1348) ~[spring-beans-6.1.1.jar:6.1.1]
	at org.springframework.beans.factory.support.ConstructorResolver.resolveAutowiredArgument(ConstructorResolver.java:911) ~[spring-beans-6.1.1.jar:6.1.1]
	at org.springframework.beans.factory.support.ConstructorResolver.createArgumentArray(ConstructorResolver.java:789) ~[spring-beans-6.1.1.jar:6.1.1]
	... 54 common frames omitted
Caused by: org.springframework.beans.factory.BeanCreationException: Error creating bean with name 'jpaIdempotencyKeyRepository' defined in com.example.torneos.infrastructure.persistence.repository.JpaIdempotencyKeyRepository defined in @EnableJpaRepositories declared on JpaRepositoriesRegistrar.EnableJpaRepositoriesConfiguration: Cannot resolve reference to bean 'jpaSharedEM_entityManagerFactory' while setting bean property 'entityManager'
	at org.springframework.beans.factory.support.BeanDefinitionValueResolver.resolveReference(BeanDefinitionValueResolver.java:377) ~[spring-beans-6.1.1.jar:6.1.1]
	at org.springframework.beans.factory.support.BeanDefinitionValueResolver.resolveValueIfNecessary(BeanDefinitionValueResolver.java:135) ~[spring-beans-6.1.1.jar:6.1.1]
	at org.springframework.beans.factory.support.AbstractAutowireCapableBeanFactory.applyPropertyValues(AbstractAutowireCapableBeanFactory.java:1686) ~[spring-beans-6.1.1.jar:6.1.1]
	at org.springframework.beans.factory.support.AbstractAutowireCapableBeanFactory.populateBean(AbstractAutowireCapableBeanFactory.java:1435) ~[spring-beans-6.1.1.jar:6.1.1]
	at org.springframework.beans.factory.support.AbstractAutowireCapableBeanFactory.doCreateBean(AbstractAutowireCapableBeanFactory.java:600) ~[spring-beans-6.1.1.jar:6.1.1]
	at org.springframework.beans.factory.support.AbstractAutowireCapableBeanFactory.createBean(AbstractAutowireCapableBeanFactory.java:523) ~[spring-beans-6.1.1.jar:6.1.1]
	at org.springframework.beans.factory.support.AbstractBeanFactory.lambda$doGetBean$0(AbstractBeanFactory.java:325) ~[spring-beans-6.1.1.jar:6.1.1]
	at org.springframework.beans.factory.support.DefaultSingletonBeanRegistry.getSingleton(DefaultSingletonBeanRegistry.java:234) ~[spring-beans-6.1.1.jar:6.1.1]
	at org.springframework.beans.factory.support.AbstractBeanFactory.doGetBean(AbstractBeanFactory.java:323) ~[spring-beans-6.1.1.jar:6.1.1]
	at org.springframework.beans.factory.support.AbstractBeanFactory.getBean(AbstractBeanFactory.java:199) ~[spring-beans-6.1.1.jar:6.1.1]
	at org.springframework.beans.factory.config.DependencyDescriptor.resolveCandidate(DependencyDescriptor.java:254) ~[spring-beans-6.1.1.jar:6.1.1]
	at org.springframework.beans.factory.support.DefaultListableBeanFactory.doResolveDependency(DefaultListableBeanFactory.java:1441) ~[spring-beans-6.1.1.jar:6.1.1]
	at org.springframework.beans.factory.support.DefaultListableBeanFactory.resolveDependency(DefaultListableBeanFactory.java:1348) ~[spring-beans-6.1.1.jar:6.1.1]
	at org.springframework.beans.factory.support.ConstructorResolver.resolveAutowiredArgument(ConstructorResolver.java:911) ~[spring-beans-6.1.1.jar:6.1.1]
	at org.springframework.beans.factory.support.ConstructorResolver.createArgumentArray(ConstructorResolver.java:789) ~[spring-beans-6.1.1.jar:6.1.1]
	... 68 common frames omitted
Caused by: org.springframework.beans.factory.BeanCreationException: Error creating bean with name 'jpaSharedEM_entityManagerFactory': Cannot resolve reference to bean 'entityManagerFactory' while setting constructor argument
	at org.springframework.beans.factory.support.BeanDefinitionValueResolver.resolveReference(BeanDefinitionValueResolver.java:377) ~[spring-beans-6.1.1.jar:6.1.1]
	at org.springframework.beans.factory.support.BeanDefinitionValueResolver.resolveValueIfNecessary(BeanDefinitionValueResolver.java:135) ~[spring-beans-6.1.1.jar:6.1.1]
	at org.springframework.beans.factory.support.ConstructorResolver.resolveConstructorArguments(ConstructorResolver.java:689) ~[spring-beans-6.1.1.jar:6.1.1]
	at org.springframework.beans.factory.support.ConstructorResolver.instantiateUsingFactoryMethod(ConstructorResolver.java:513) ~[spring-beans-6.1.1.jar:6.1.1]
	at org.springframework.beans.factory.support.AbstractAutowireCapableBeanFactory.instantiateUsingFactoryMethod(AbstractAutowireCapableBeanFactory.java:1336) ~[spring-beans-6.1.1.jar:6.1.1]
	at org.springframework.beans.factory.support.AbstractAutowireCapableBeanFactory.createBeanInstance(AbstractAutowireCapableBeanFactory.java:1166) ~[spring-beans-6.1.1.jar:6.1.1]
	at org.springframework.beans.factory.support.AbstractAutowireCapableBeanFactory.doCreateBean(AbstractAutowireCapableBeanFactory.java:563) ~[spring-beans-6.1.1.jar:6.1.1]
	at org.springframework.beans.factory.support.AbstractAutowireCapableBeanFactory.createBean(AbstractAutowireCapableBeanFactory.java:523) ~[spring-beans-6.1.1.jar:6.1.1]
	at org.springframework.beans.factory.support.AbstractBeanFactory.lambda$doGetBean$0(AbstractBeanFactory.java:325) ~[spring-beans-6.1.1.jar:6.1.1]
	at org.springframework.beans.factory.support.DefaultSingletonBeanRegistry.getSingleton(DefaultSingletonBeanRegistry.java:234) ~[spring-beans-6.1.1.jar:6.1.1]
	at org.springframework.beans.factory.support.AbstractBeanFactory.doGetBean(AbstractBeanFactory.java:323) ~[spring-beans-6.1.1.jar:6.1.1]
	at org.springframework.beans.factory.support.AbstractBeanFactory.getBean(AbstractBeanFactory.java:199) ~[spring-beans-6.1.1.jar:6.1.1]
	at org.springframework.beans.factory.support.BeanDefinitionValueResolver.resolveReference(BeanDefinitionValueResolver.java:365) ~[spring-beans-6.1.1.jar:6.1.1]
	... 82 common frames omitted
Caused by: org.springframework.beans.factory.BeanCreationException: Error creating bean with name 'flywayInitializer' defined in class path resource [org/springframework/boot/autoconfigure/flyway/FlywayAutoConfiguration$FlywayConfiguration.class]: Migration V6__Insert_sample_data.sql failed
-------------------------------------------
SQL State  : 23503
Error Code : 0
Message    : ERROR: insert or update on table "tournaments" violates foreign key constraint "tournaments_game_type_id_fkey"
  Detail: Key (game_type_id)=(660e8400-e29b-41d4-a716-446655440001) is not present in table "game_types".
Location   : db/migration/V6__Insert_sample_data.sql (/Users/nicolas.perez/Pragma/e-sport/backend-torneos/target/classes/db/migration/V6__Insert_sample_data.sql)
Line       : 41
Statement  : -- Insertar torneos con diferentes estados
INSERT INTO tournaments (id, organizer_id, category_id, game_type_id, name, description, is_paid, max_free_capacity, start_date_time, end_date_time, status, created_at) VALUES
-- Torneos activos/en progreso
('880e8400-e29b-41d4-a716-446655440001', '770e8400-e29b-41d4-a716-446655440001', '550e8400-e29b-41d4-a716-446655440001', '660e8400-e29b-41d4-a716-446655440001', 'Copa Mundial LoL 2024', 'Torneo profesional de League of Legends con premios en efectivo', true, 0, NOW() + INTERVAL '2 days', NOW() + INTERVAL '5 days', 'PUBLISHED', NOW() - INTERVAL '15 days'),
('880e8400-e29b-41d4-a716-446655440002', '770e8400-e29b-41d4-a716-446655440002', '550e8400-e29b-41d4-a716-446655440002', '660e8400-e29b-41d4-a716-446655440002', 'Torneo Amateur CS2', 'Competencia amateur de Counter-Strike 2', false, 64, NOW() + INTERVAL '1 day', NOW() + INTERVAL '3 days', 'PUBLISHED', NOW() - INTERVAL '10 days'),
('880e8400-e29b-41d4-a716-446655440003', '770e8400-e29b-41d4-a716-446655440003', '550e8400-e29b-41d4-a716-446655440003', '660e8400-e29b-41d4-a716-446655440003', 'Liga Juvenil Valorant', 'Torneo para jugadores menores de 18 años', false, 32, NOW() + INTERVAL '3 days', NOW() + INTERVAL '6 days', 'PUBLISHED', NOW() - INTERVAL '8 days'),

-- Torneos completados
('880e8400-e29b-41d4-a716-446655440004', '770e8400-e29b-41d4-a716-446655440001', '550e8400-e29b-41d4-a716-446655440004', '660e8400-e29b-41d4-a716-446655440004', 'Copa Universitaria FIFA', 'Torneo entre universidades', true, 0, NOW() - INTERVAL '10 days', NOW() - INTERVAL '7 days', 'FINISHED', NOW() - INTERVAL '20 days'),
('880e8400-e29b-41d4-a716-446655440005', '770e8400-e29b-41d4-a716-446655440002', '550e8400-e29b-41d4-a716-446655440002', '660e8400-e29b-41d4-a716-446655440005', 'Battle Royale Fortnite', 'Torneo masivo de Fortnite', false, 100, NOW() - INTERVAL '15 days', NOW() - INTERVAL '12 days', 'FINISHED', NOW() - INTERVAL '25 days'),

-- Torneos en borrador
('880e8400-e29b-41d4-a716-446655440006', '770e8400-e29b-41d4-a716-446655440003', '550e8400-e29b-41d4-a716-446655440001', '660e8400-e29b-41d4-a716-446655440001', 'Próximo Torneo LoL Pro', 'En preparación para el próximo mes', true, 0, NOW() + INTERVAL '30 days', NOW() + INTERVAL '33 days', 'DRAFT', NOW() - INTERVAL '5 days'),
('880e8400-e29b-41d4-a716-446655440007', '770e8400-e29b-41d4-a716-446655440001', '550e8400-e29b-41d4-a716-446655440002', '660e8400-e29b-41d4-a716-446655440002', 'CS2 Summer Cup', 'Torneo de verano en planificación', false, 48, NOW() + INTERVAL '25 days', NOW() + INTERVAL '28 days', 'DRAFT', NOW() - INTERVAL '3 days'),

-- Más torneos para estadísticas
('880e8400-e29b-41d4-a716-446655440008', '770e8400-e29b-41d4-a716-446655440002', '550e8400-e29b-41d4-a716-446655440003', '660e8400-e29b-41d4-a716-446655440003', 'Valorant Champions', 'Campeonato nacional de Valorant', true, 0, NOW() + INTERVAL '7 days', NOW() + INTERVAL '10 days', 'PUBLISHED', NOW() - INTERVAL '12 days'),
('880e8400-e29b-41d4-a716-446655440009', '770e8400-e29b-41d4-a716-446655440003', '550e8400-e29b-41d4-a716-446655440004', '660e8400-e29b-41d4-a716-446655440004', 'FIFA Pro League', 'Liga profesional de FIFA', true, 0, NOW() + INTERVAL '14 days', NOW() + INTERVAL '17 days', 'PUBLISHED', NOW() - INTERVAL '6 days'),
('880e8400-e29b-41d4-a716-446655440010', '770e8400-e29b-41d4-a716-446655440001', '550e8400-e29b-41d4-a716-446655440002', '660e8400-e29b-41d4-a716-446655440005', 'Fortnite Weekend', 'Torneo de fin de semana', false, 80, NOW() + INTERVAL '21 days', NOW() + INTERVAL '23 days', 'PUBLISHED', NOW() - INTERVAL '4 days')

	at org.springframework.beans.factory.support.AbstractAutowireCapableBeanFactory.initializeBean(AbstractAutowireCapableBeanFactory.java:1775) ~[spring-beans-6.1.1.jar:6.1.1]
	at org.springframework.beans.factory.support.AbstractAutowireCapableBeanFactory.doCreateBean(AbstractAutowireCapableBeanFactory.java:601) ~[spring-beans-6.1.1.jar:6.1.1]
	at org.springframework.beans.factory.support.AbstractAutowireCapableBeanFactory.createBean(AbstractAutowireCapableBeanFactory.java:523) ~[spring-beans-6.1.1.jar:6.1.1]
	at org.springframework.beans.factory.support.AbstractBeanFactory.lambda$doGetBean$0(AbstractBeanFactory.java:325) ~[spring-beans-6.1.1.jar:6.1.1]
	at org.springframework.beans.factory.support.DefaultSingletonBeanRegistry.getSingleton(DefaultSingletonBeanRegistry.java:234) ~[spring-beans-6.1.1.jar:6.1.1]
	at org.springframework.beans.factory.support.AbstractBeanFactory.doGetBean(AbstractBeanFactory.java:323) ~[spring-beans-6.1.1.jar:6.1.1]
	at org.springframework.beans.factory.support.AbstractBeanFactory.getBean(AbstractBeanFactory.java:199) ~[spring-beans-6.1.1.jar:6.1.1]
	at org.springframework.beans.factory.support.AbstractBeanFactory.doGetBean(AbstractBeanFactory.java:312) ~[spring-beans-6.1.1.jar:6.1.1]
	at org.springframework.beans.factory.support.AbstractBeanFactory.getBean(AbstractBeanFactory.java:199) ~[spring-beans-6.1.1.jar:6.1.1]
	at org.springframework.beans.factory.support.BeanDefinitionValueResolver.resolveReference(BeanDefinitionValueResolver.java:365) ~[spring-beans-6.1.1.jar:6.1.1]
	... 94 common frames omitted
Caused by: org.flywaydb.core.internal.command.DbMigrate$FlywayMigrateException: Migration V6__Insert_sample_data.sql failed
-------------------------------------------
SQL State  : 23503
Error Code : 0
Message    : ERROR: insert or update on table "tournaments" violates foreign key constraint "tournaments_game_type_id_fkey"
  Detail: Key (game_type_id)=(660e8400-e29b-41d4-a716-446655440001) is not present in table "game_types".
Location   : db/migration/V6__Insert_sample_data.sql (/Users/nicolas.perez/Pragma/e-sport/backend-torneos/target/classes/db/migration/V6__Insert_sample_data.sql)
Line       : 41
Statement  : -- Insertar torneos con diferentes estados
INSERT INTO tournaments (id, organizer_id, category_id, game_type_id, name, description, is_paid, max_free_capacity, start_date_time, end_date_time, status, created_at) VALUES
-- Torneos activos/en progreso
('880e8400-e29b-41d4-a716-446655440001', '770e8400-e29b-41d4-a716-446655440001', '550e8400-e29b-41d4-a716-446655440001', '660e8400-e29b-41d4-a716-446655440001', 'Copa Mundial LoL 2024', 'Torneo profesional de League of Legends con premios en efectivo', true, 0, NOW() + INTERVAL '2 days', NOW() + INTERVAL '5 days', 'PUBLISHED', NOW() - INTERVAL '15 days'),
('880e8400-e29b-41d4-a716-446655440002', '770e8400-e29b-41d4-a716-446655440002', '550e8400-e29b-41d4-a716-446655440002', '660e8400-e29b-41d4-a716-446655440002', 'Torneo Amateur CS2', 'Competencia amateur de Counter-Strike 2', false, 64, NOW() + INTERVAL '1 day', NOW() + INTERVAL '3 days', 'PUBLISHED', NOW() - INTERVAL '10 days'),
('880e8400-e29b-41d4-a716-446655440003', '770e8400-e29b-41d4-a716-446655440003', '550e8400-e29b-41d4-a716-446655440003', '660e8400-e29b-41d4-a716-446655440003', 'Liga Juvenil Valorant', 'Torneo para jugadores menores de 18 años', false, 32, NOW() + INTERVAL '3 days', NOW() + INTERVAL '6 days', 'PUBLISHED', NOW() - INTERVAL '8 days'),

-- Torneos completados
('880e8400-e29b-41d4-a716-446655440004', '770e8400-e29b-41d4-a716-446655440001', '550e8400-e29b-41d4-a716-446655440004', '660e8400-e29b-41d4-a716-446655440004', 'Copa Universitaria FIFA', 'Torneo entre universidades', true, 0, NOW() - INTERVAL '10 days', NOW() - INTERVAL '7 days', 'FINISHED', NOW() - INTERVAL '20 days'),
('880e8400-e29b-41d4-a716-446655440005', '770e8400-e29b-41d4-a716-446655440002', '550e8400-e29b-41d4-a716-446655440002', '660e8400-e29b-41d4-a716-446655440005', 'Battle Royale Fortnite', 'Torneo masivo de Fortnite', false, 100, NOW() - INTERVAL '15 days', NOW() - INTERVAL '12 days', 'FINISHED', NOW() - INTERVAL '25 days'),

-- Torneos en borrador
('880e8400-e29b-41d4-a716-446655440006', '770e8400-e29b-41d4-a716-446655440003', '550e8400-e29b-41d4-a716-446655440001', '660e8400-e29b-41d4-a716-446655440001', 'Próximo Torneo LoL Pro', 'En preparación para el próximo mes', true, 0, NOW() + INTERVAL '30 days', NOW() + INTERVAL '33 days', 'DRAFT', NOW() - INTERVAL '5 days'),
('880e8400-e29b-41d4-a716-446655440007', '770e8400-e29b-41d4-a716-446655440001', '550e8400-e29b-41d4-a716-446655440002', '660e8400-e29b-41d4-a716-446655440002', 'CS2 Summer Cup', 'Torneo de verano en planificación', false, 48, NOW() + INTERVAL '25 days', NOW() + INTERVAL '28 days', 'DRAFT', NOW() - INTERVAL '3 days'),

-- Más torneos para estadísticas
('880e8400-e29b-41d4-a716-446655440008', '770e8400-e29b-41d4-a716-446655440002', '550e8400-e29b-41d4-a716-446655440003', '660e8400-e29b-41d4-a716-446655440003', 'Valorant Champions', 'Campeonato nacional de Valorant', true, 0, NOW() + INTERVAL '7 days', NOW() + INTERVAL '10 days', 'PUBLISHED', NOW() - INTERVAL '12 days'),
('880e8400-e29b-41d4-a716-446655440009', '770e8400-e29b-41d4-a716-446655440003', '550e8400-e29b-41d4-a716-446655440004', '660e8400-e29b-41d4-a716-446655440004', 'FIFA Pro League', 'Liga profesional de FIFA', true, 0, NOW() + INTERVAL '14 days', NOW() + INTERVAL '17 days', 'PUBLISHED', NOW() - INTERVAL '6 days'),
('880e8400-e29b-41d4-a716-446655440010', '770e8400-e29b-41d4-a716-446655440001', '550e8400-e29b-41d4-a716-446655440002', '660e8400-e29b-41d4-a716-446655440005', 'Fortnite Weekend', 'Torneo de fin de semana', false, 80, NOW() + INTERVAL '21 days', NOW() + INTERVAL '23 days', 'PUBLISHED', NOW() - INTERVAL '4 days')

	at org.flywaydb.core.internal.command.DbMigrate.doMigrateGroup(DbMigrate.java:382) ~[flyway-core-9.22.3.jar:na]
	at org.flywaydb.core.internal.command.DbMigrate.lambda$applyMigrations$1(DbMigrate.java:272) ~[flyway-core-9.22.3.jar:na]
	at org.flywaydb.core.internal.jdbc.TransactionalExecutionTemplate.execute(TransactionalExecutionTemplate.java:55) ~[flyway-core-9.22.3.jar:na]
	at org.flywaydb.core.internal.command.DbMigrate.applyMigrations(DbMigrate.java:271) ~[flyway-core-9.22.3.jar:na]
	at org.flywaydb.core.internal.command.DbMigrate.migrateGroup(DbMigrate.java:244) ~[flyway-core-9.22.3.jar:na]
	at org.flywaydb.core.internal.command.DbMigrate.lambda$migrateAll$0(DbMigrate.java:139) ~[flyway-core-9.22.3.jar:na]
	at org.flywaydb.core.internal.database.postgresql.PostgreSQLAdvisoryLockTemplate.execute(PostgreSQLAdvisoryLockTemplate.java:73) ~[flyway-core-9.22.3.jar:na]
	at org.flywaydb.core.internal.database.postgresql.PostgreSQLAdvisoryLockTemplate.lambda$execute$0(PostgreSQLAdvisoryLockTemplate.java:56) ~[flyway-core-9.22.3.jar:na]
	at org.flywaydb.core.internal.jdbc.TransactionalExecutionTemplate.execute(TransactionalExecutionTemplate.java:55) ~[flyway-core-9.22.3.jar:na]
	at org.flywaydb.core.internal.database.postgresql.PostgreSQLAdvisoryLockTemplate.execute(PostgreSQLAdvisoryLockTemplate.java:56) ~[flyway-core-9.22.3.jar:na]
	at org.flywaydb.core.internal.database.postgresql.PostgreSQLConnection.lock(PostgreSQLConnection.java:96) ~[flyway-core-9.22.3.jar:na]
	at org.flywaydb.core.internal.schemahistory.JdbcTableSchemaHistory.lock(JdbcTableSchemaHistory.java:144) ~[flyway-core-9.22.3.jar:na]
	at org.flywaydb.core.internal.command.DbMigrate.migrateAll(DbMigrate.java:139) ~[flyway-core-9.22.3.jar:na]
	at org.flywaydb.core.internal.command.DbMigrate.migrate(DbMigrate.java:97) ~[flyway-core-9.22.3.jar:na]
	at org.flywaydb.core.Flyway.lambda$migrate$0(Flyway.java:188) ~[flyway-core-9.22.3.jar:na]
	at org.flywaydb.core.FlywayExecutor.execute(FlywayExecutor.java:213) ~[flyway-core-9.22.3.jar:na]
	at org.flywaydb.core.Flyway.migrate(Flyway.java:140) ~[flyway-core-9.22.3.jar:na]
	at org.springframework.boot.autoconfigure.flyway.FlywayMigrationInitializer.afterPropertiesSet(FlywayMigrationInitializer.java:66) ~[spring-boot-autoconfigure-3.2.0.jar:3.2.0]
	at org.springframework.beans.factory.support.AbstractAutowireCapableBeanFactory.invokeInitMethods(AbstractAutowireCapableBeanFactory.java:1822) ~[spring-beans-6.1.1.jar:6.1.1]
	at org.springframework.beans.factory.support.AbstractAutowireCapableBeanFactory.initializeBean(AbstractAutowireCapableBeanFactory.java:1771) ~[spring-beans-6.1.1.jar:6.1.1]
	... 103 common frames omitted
Caused by: org.flywaydb.core.internal.sqlscript.FlywaySqlScriptException: Migration V6__Insert_sample_data.sql failed
-------------------------------------------
SQL State  : 23503
Error Code : 0
Message    : ERROR: insert or update on table "tournaments" violates foreign key constraint "tournaments_game_type_id_fkey"
  Detail: Key (game_type_id)=(660e8400-e29b-41d4-a716-446655440001) is not present in table "game_types".
Location   : db/migration/V6__Insert_sample_data.sql (/Users/nicolas.perez/Pragma/e-sport/backend-torneos/target/classes/db/migration/V6__Insert_sample_data.sql)
Line       : 41
Statement  : -- Insertar torneos con diferentes estados
INSERT INTO tournaments (id, organizer_id, category_id, game_type_id, name, description, is_paid, max_free_capacity, start_date_time, end_date_time, status, created_at) VALUES
-- Torneos activos/en progreso
('880e8400-e29b-41d4-a716-446655440001', '770e8400-e29b-41d4-a716-446655440001', '550e8400-e29b-41d4-a716-446655440001', '660e8400-e29b-41d4-a716-446655440001', 'Copa Mundial LoL 2024', 'Torneo profesional de League of Legends con premios en efectivo', true, 0, NOW() + INTERVAL '2 days', NOW() + INTERVAL '5 days', 'PUBLISHED', NOW() - INTERVAL '15 days'),
('880e8400-e29b-41d4-a716-446655440002', '770e8400-e29b-41d4-a716-446655440002', '550e8400-e29b-41d4-a716-446655440002', '660e8400-e29b-41d4-a716-446655440002', 'Torneo Amateur CS2', 'Competencia amateur de Counter-Strike 2', false, 64, NOW() + INTERVAL '1 day', NOW() + INTERVAL '3 days', 'PUBLISHED', NOW() - INTERVAL '10 days'),
('880e8400-e29b-41d4-a716-446655440003', '770e8400-e29b-41d4-a716-446655440003', '550e8400-e29b-41d4-a716-446655440003', '660e8400-e29b-41d4-a716-446655440003', 'Liga Juvenil Valorant', 'Torneo para jugadores menores de 18 años', false, 32, NOW() + INTERVAL '3 days', NOW() + INTERVAL '6 days', 'PUBLISHED', NOW() - INTERVAL '8 days'),

-- Torneos completados
('880e8400-e29b-41d4-a716-446655440004', '770e8400-e29b-41d4-a716-446655440001', '550e8400-e29b-41d4-a716-446655440004', '660e8400-e29b-41d4-a716-446655440004', 'Copa Universitaria FIFA', 'Torneo entre universidades', true, 0, NOW() - INTERVAL '10 days', NOW() - INTERVAL '7 days', 'FINISHED', NOW() - INTERVAL '20 days'),
('880e8400-e29b-41d4-a716-446655440005', '770e8400-e29b-41d4-a716-446655440002', '550e8400-e29b-41d4-a716-446655440002', '660e8400-e29b-41d4-a716-446655440005', 'Battle Royale Fortnite', 'Torneo masivo de Fortnite', false, 100, NOW() - INTERVAL '15 days', NOW() - INTERVAL '12 days', 'FINISHED', NOW() - INTERVAL '25 days'),

-- Torneos en borrador
('880e8400-e29b-41d4-a716-446655440006', '770e8400-e29b-41d4-a716-446655440003', '550e8400-e29b-41d4-a716-446655440001', '660e8400-e29b-41d4-a716-446655440001', 'Próximo Torneo LoL Pro', 'En preparación para el próximo mes', true, 0, NOW() + INTERVAL '30 days', NOW() + INTERVAL '33 days', 'DRAFT', NOW() - INTERVAL '5 days'),
('880e8400-e29b-41d4-a716-446655440007', '770e8400-e29b-41d4-a716-446655440001', '550e8400-e29b-41d4-a716-446655440002', '660e8400-e29b-41d4-a716-446655440002', 'CS2 Summer Cup', 'Torneo de verano en planificación', false, 48, NOW() + INTERVAL '25 days', NOW() + INTERVAL '28 days', 'DRAFT', NOW() - INTERVAL '3 days'),

-- Más torneos para estadísticas
('880e8400-e29b-41d4-a716-446655440008', '770e8400-e29b-41d4-a716-446655440002', '550e8400-e29b-41d4-a716-446655440003', '660e8400-e29b-41d4-a716-446655440003', 'Valorant Champions', 'Campeonato nacional de Valorant', true, 0, NOW() + INTERVAL '7 days', NOW() + INTERVAL '10 days', 'PUBLISHED', NOW() - INTERVAL '12 days'),
('880e8400-e29b-41d4-a716-446655440009', '770e8400-e29b-41d4-a716-446655440003', '550e8400-e29b-41d4-a716-446655440004', '660e8400-e29b-41d4-a716-446655440004', 'FIFA Pro League', 'Liga profesional de FIFA', true, 0, NOW() + INTERVAL '14 days', NOW() + INTERVAL '17 days', 'PUBLISHED', NOW() - INTERVAL '6 days'),
('880e8400-e29b-41d4-a716-446655440010', '770e8400-e29b-41d4-a716-446655440001', '550e8400-e29b-41d4-a716-446655440002', '660e8400-e29b-41d4-a716-446655440005', 'Fortnite Weekend', 'Torneo de fin de semana', false, 80, NOW() + INTERVAL '21 days', NOW() + INTERVAL '23 days', 'PUBLISHED', NOW() - INTERVAL '4 days')

	at org.flywaydb.core.internal.sqlscript.DefaultSqlScriptExecutor.handleException(DefaultSqlScriptExecutor.java:267) ~[flyway-core-9.22.3.jar:na]
	at org.flywaydb.core.internal.sqlscript.DefaultSqlScriptExecutor.executeStatement(DefaultSqlScriptExecutor.java:222) ~[flyway-core-9.22.3.jar:na]
	at org.flywaydb.core.internal.sqlscript.DefaultSqlScriptExecutor.execute(DefaultSqlScriptExecutor.java:126) ~[flyway-core-9.22.3.jar:na]
	at org.flywaydb.core.internal.resolver.sql.SqlMigrationExecutor.executeOnce(SqlMigrationExecutor.java:68) ~[flyway-core-9.22.3.jar:na]
	at org.flywaydb.core.internal.resolver.sql.SqlMigrationExecutor.lambda$execute$0(SqlMigrationExecutor.java:57) ~[flyway-core-9.22.3.jar:na]
	at org.flywaydb.core.internal.database.DefaultExecutionStrategy.execute(DefaultExecutionStrategy.java:27) ~[flyway-core-9.22.3.jar:na]
	at org.flywaydb.core.internal.resolver.sql.SqlMigrationExecutor.execute(SqlMigrationExecutor.java:56) ~[flyway-core-9.22.3.jar:na]
	at org.flywaydb.core.internal.command.DbMigrate.doMigrateGroup(DbMigrate.java:374) ~[flyway-core-9.22.3.jar:na]
	... 122 common frames omitted
Caused by: org.postgresql.util.PSQLException: ERROR: insert or update on table "tournaments" violates foreign key constraint "tournaments_game_type_id_fkey"
  Detail: Key (game_type_id)=(660e8400-e29b-41d4-a716-446655440001) is not present in table "game_types".
	at org.postgresql.core.v3.QueryExecutorImpl.receiveErrorResponse(QueryExecutorImpl.java:2713) ~[postgresql-42.6.0.jar:42.6.0]
	at org.postgresql.core.v3.QueryExecutorImpl.processResults(QueryExecutorImpl.java:2401) ~[postgresql-42.6.0.jar:42.6.0]
	at org.postgresql.core.v3.QueryExecutorImpl.execute(QueryExecutorImpl.java:368) ~[postgresql-42.6.0.jar:42.6.0]
	at org.postgresql.jdbc.PgStatement.executeInternal(PgStatement.java:498) ~[postgresql-42.6.0.jar:42.6.0]
	at org.postgresql.jdbc.PgStatement.execute(PgStatement.java:415) ~[postgresql-42.6.0.jar:42.6.0]
	at org.postgresql.jdbc.PgStatement.executeWithFlags(PgStatement.java:335) ~[postgresql-42.6.0.jar:42.6.0]
	at org.postgresql.jdbc.PgStatement.executeCachedSql(PgStatement.java:321) ~[postgresql-42.6.0.jar:42.6.0]
	at org.postgresql.jdbc.PgStatement.executeWithFlags(PgStatement.java:297) ~[postgresql-42.6.0.jar:42.6.0]
	at org.postgresql.jdbc.PgStatement.execute(PgStatement.java:292) ~[postgresql-42.6.0.jar:42.6.0]
	at com.zaxxer.hikari.pool.ProxyStatement.execute(ProxyStatement.java:94) ~[HikariCP-5.0.1.jar:na]
	at com.zaxxer.hikari.pool.HikariProxyStatement.execute(HikariProxyStatement.java) ~[HikariCP-5.0.1.jar:na]
	at org.flywaydb.core.internal.jdbc.JdbcTemplate.executeStatement(JdbcTemplate.java:201) ~[flyway-core-9.22.3.jar:na]
	at org.flywaydb.core.internal.sqlscript.ParsedSqlStatement.execute(ParsedSqlStatement.java:95) ~[flyway-core-9.22.3.jar:na]
	at org.flywaydb.core.internal.sqlscript.DefaultSqlScriptExecutor.executeStatement(DefaultSqlScriptExecutor.java:210) ~[flyway-core-9.22.3.jar:na]
	... 128 common frames omitted

[INFO] ------------------------------------------------------------------------
[INFO] BUILD FAILURE
[INFO] ------------------------------------------------------------------------
[INFO] Total time:  3.047 s
[INFO] Finished at: 2025-12-22T20:01:17-05:00
[INFO] ------------------------------------------------------------------------
[ERROR] Failed to execute goal org.springframework.boot:spring-boot-maven-plugin:3.2.0:run (default-cli) on project torneos: Process terminated with exit code: 1 -> [Help 1]
[ERROR] 
[ERROR] To see the full stack trace of the errors, re-run Maven with the -e switch.
[ERROR] Re-run Maven using the -X switch to enable full debug logging.
[ERROR] 
[ERROR] For more information about the errors and possible solutions, please read the following articles:
[ERROR] [Help 1] http://cwiki.apache.org/confluence/display/MAVEN/MojoExecutionException
